2026-02-25 00:30:10,406 - AMC_DSTGNN - INFO - === Starting unified runner for AMC_DSTGNN ===
2026-02-25 00:30:11,963 - AMC_DSTGNN - INFO - [AMC_DSTGNN] Initializing Unified Training Pipeline on cuda
2026-02-25 00:30:11,963 - AMC_DSTGNN - INFO - [AMC_DSTGNN] Calling get_dataloaders...
2026-02-25 00:30:16,273 - AMC_DSTGNN - INFO - [AMC_DSTGNN] Data Loaded: 207 Nodes, 10 Features (Traffic + Context)
2026-02-25 00:30:16,273 - AMC_DSTGNN - INFO - [AMC_DSTGNN] Loading Physical adjacency matrix...
2026-02-25 00:30:16,277 - AMC_DSTGNN - INFO - [AMC_DSTGNN] Building Architecture...
2026-02-25 00:30:17,142 - AMC_DSTGNN - INFO - [AMC_DSTGNN] Starting Training for 60 epochs...
2026-02-25 00:30:31,644 - AMC_DSTGNN - INFO - Epoch 001 | Train Loss: 0.0736 | Val Loss: 0.1007 | Time: 14.50s
2026-02-25 00:30:31,649 - AMC_DSTGNN - INFO -   -> Saved Best Model (+ scaler) to saved_models\amc_dstgnn_best.pth
2026-02-25 00:30:45,867 - AMC_DSTGNN - INFO - Epoch 002 | Train Loss: 0.0563 | Val Loss: 0.0978 | Time: 14.22s
2026-02-25 00:30:45,870 - AMC_DSTGNN - INFO -   -> Saved Best Model (+ scaler) to saved_models\amc_dstgnn_best.pth
2026-02-25 00:31:00,362 - AMC_DSTGNN - INFO - Epoch 003 | Train Loss: 0.0540 | Val Loss: 0.0949 | Time: 14.49s
2026-02-25 00:31:00,367 - AMC_DSTGNN - INFO -   -> Saved Best Model (+ scaler) to saved_models\amc_dstgnn_best.pth
2026-02-25 00:31:15,089 - AMC_DSTGNN - INFO - Epoch 004 | Train Loss: 0.0548 | Val Loss: 0.0924 | Time: 14.72s
2026-02-25 00:31:15,096 - AMC_DSTGNN - INFO -   -> Saved Best Model (+ scaler) to saved_models\amc_dstgnn_best.pth
2026-02-25 00:31:29,883 - AMC_DSTGNN - INFO - Epoch 005 | Train Loss: 0.0531 | Val Loss: 0.0906 | Time: 14.79s
2026-02-25 00:31:29,887 - AMC_DSTGNN - INFO -   -> Saved Best Model (+ scaler) to saved_models\amc_dstgnn_best.pth
2026-02-25 00:31:44,761 - AMC_DSTGNN - INFO - Epoch 006 | Train Loss: 0.0523 | Val Loss: 0.0895 | Time: 14.87s
2026-02-25 00:31:44,764 - AMC_DSTGNN - INFO -   -> Saved Best Model (+ scaler) to saved_models\amc_dstgnn_best.pth
2026-02-25 00:31:59,667 - AMC_DSTGNN - INFO - Epoch 007 | Train Loss: 0.0528 | Val Loss: 0.0889 | Time: 14.90s
2026-02-25 00:31:59,672 - AMC_DSTGNN - INFO -   -> Saved Best Model (+ scaler) to saved_models\amc_dstgnn_best.pth
2026-02-25 00:32:14,662 - AMC_DSTGNN - INFO - Epoch 008 | Train Loss: 0.0527 | Val Loss: 0.0885 | Time: 14.99s
2026-02-25 00:32:14,665 - AMC_DSTGNN - INFO -   -> Saved Best Model (+ scaler) to saved_models\amc_dstgnn_best.pth
2026-02-25 00:32:31,436 - AMC_DSTGNN - INFO - Epoch 009 | Train Loss: 0.0524 | Val Loss: 0.0880 | Time: 16.77s
2026-02-25 00:32:31,440 - AMC_DSTGNN - INFO -   -> Saved Best Model (+ scaler) to saved_models\amc_dstgnn_best.pth
2026-02-25 00:32:46,380 - AMC_DSTGNN - INFO - Epoch 010 | Train Loss: 0.0523 | Val Loss: 0.0886 | Time: 14.94s
2026-02-25 00:33:01,336 - AMC_DSTGNN - INFO - Epoch 011 | Train Loss: 0.0516 | Val Loss: 0.0870 | Time: 14.96s
2026-02-25 00:33:01,339 - AMC_DSTGNN - INFO -   -> Saved Best Model (+ scaler) to saved_models\amc_dstgnn_best.pth
2026-02-25 00:33:16,289 - AMC_DSTGNN - INFO - Epoch 012 | Train Loss: 0.0528 | Val Loss: 0.0884 | Time: 14.95s
2026-02-25 00:33:31,236 - AMC_DSTGNN - INFO - Epoch 013 | Train Loss: 0.0524 | Val Loss: 0.0885 | Time: 14.95s
2026-02-25 00:33:46,188 - AMC_DSTGNN - INFO - Epoch 014 | Train Loss: 0.0520 | Val Loss: 0.0887 | Time: 14.95s
2026-02-25 00:34:01,144 - AMC_DSTGNN - INFO - Epoch 015 | Train Loss: 0.0519 | Val Loss: 0.0862 | Time: 14.96s
2026-02-25 00:34:01,147 - AMC_DSTGNN - INFO -   -> Saved Best Model (+ scaler) to saved_models\amc_dstgnn_best.pth
2026-02-25 00:34:16,130 - AMC_DSTGNN - INFO - Epoch 016 | Train Loss: 0.0518 | Val Loss: 0.0860 | Time: 14.98s
2026-02-25 00:34:16,134 - AMC_DSTGNN - INFO -   -> Saved Best Model (+ scaler) to saved_models\amc_dstgnn_best.pth
2026-02-25 00:34:31,139 - AMC_DSTGNN - INFO - Epoch 017 | Train Loss: 0.0526 | Val Loss: 0.0859 | Time: 15.01s
2026-02-25 00:34:31,144 - AMC_DSTGNN - INFO -   -> Saved Best Model (+ scaler) to saved_models\amc_dstgnn_best.pth
2026-02-25 00:34:46,144 - AMC_DSTGNN - INFO - Epoch 018 | Train Loss: 0.0525 | Val Loss: 0.0873 | Time: 15.00s
2026-02-25 00:35:01,170 - AMC_DSTGNN - INFO - Epoch 019 | Train Loss: 0.0523 | Val Loss: 0.0877 | Time: 15.03s
2026-02-25 00:35:16,247 - AMC_DSTGNN - INFO - Epoch 020 | Train Loss: 0.0516 | Val Loss: 0.0857 | Time: 15.08s
2026-02-25 00:35:16,250 - AMC_DSTGNN - INFO -   -> Saved Best Model (+ scaler) to saved_models\amc_dstgnn_best.pth
2026-02-25 00:35:31,317 - AMC_DSTGNN - INFO - Epoch 021 | Train Loss: 0.0521 | Val Loss: 0.0868 | Time: 15.07s
2026-02-25 00:35:46,341 - AMC_DSTGNN - INFO - Epoch 022 | Train Loss: 0.0523 | Val Loss: 0.0872 | Time: 15.02s
2026-02-25 00:36:01,391 - AMC_DSTGNN - INFO - Epoch 023 | Train Loss: 0.0513 | Val Loss: 0.0851 | Time: 15.05s
2026-02-25 00:36:01,394 - AMC_DSTGNN - INFO -   -> Saved Best Model (+ scaler) to saved_models\amc_dstgnn_best.pth
2026-02-25 00:36:16,474 - AMC_DSTGNN - INFO - Epoch 024 | Train Loss: 0.0520 | Val Loss: 0.0858 | Time: 15.08s
2026-02-25 00:36:31,532 - AMC_DSTGNN - INFO - Epoch 025 | Train Loss: 0.0524 | Val Loss: 0.0857 | Time: 15.06s
2026-02-25 00:36:46,568 - AMC_DSTGNN - INFO - Epoch 026 | Train Loss: 0.0518 | Val Loss: 0.0869 | Time: 15.04s
2026-02-25 00:37:01,616 - AMC_DSTGNN - INFO - Epoch 027 | Train Loss: 0.0517 | Val Loss: 0.0859 | Time: 15.05s
2026-02-25 00:37:16,702 - AMC_DSTGNN - INFO - Epoch 028 | Train Loss: 0.0516 | Val Loss: 0.0859 | Time: 15.09s
2026-02-25 00:37:31,774 - AMC_DSTGNN - INFO - Epoch 029 | Train Loss: 0.0519 | Val Loss: 0.0851 | Time: 15.07s
2026-02-25 00:37:46,832 - AMC_DSTGNN - INFO - Epoch 030 | Train Loss: 0.0517 | Val Loss: 0.0851 | Time: 15.06s
2026-02-25 00:38:01,902 - AMC_DSTGNN - INFO - Epoch 031 | Train Loss: 0.0519 | Val Loss: 0.0844 | Time: 15.07s
2026-02-25 00:38:01,905 - AMC_DSTGNN - INFO -   -> Saved Best Model (+ scaler) to saved_models\amc_dstgnn_best.pth
2026-02-25 00:38:16,957 - AMC_DSTGNN - INFO - Epoch 032 | Train Loss: 0.0518 | Val Loss: 0.0847 | Time: 15.05s
2026-02-25 00:38:31,900 - AMC_DSTGNN - INFO - Epoch 033 | Train Loss: 0.0521 | Val Loss: 0.0855 | Time: 14.94s
2026-02-25 00:38:46,717 - AMC_DSTGNN - INFO - Epoch 034 | Train Loss: 0.0509 | Val Loss: 0.0847 | Time: 14.82s
2026-02-25 00:39:01,518 - AMC_DSTGNN - INFO - Epoch 035 | Train Loss: 0.0520 | Val Loss: 0.0852 | Time: 14.80s
2026-02-25 00:39:16,308 - AMC_DSTGNN - INFO - Epoch 036 | Train Loss: 0.0520 | Val Loss: 0.0842 | Time: 14.79s
2026-02-25 00:39:16,312 - AMC_DSTGNN - INFO -   -> Saved Best Model (+ scaler) to saved_models\amc_dstgnn_best.pth
2026-02-25 00:39:31,105 - AMC_DSTGNN - INFO - Epoch 037 | Train Loss: 0.0520 | Val Loss: 0.0840 | Time: 14.79s
2026-02-25 00:39:31,108 - AMC_DSTGNN - INFO -   -> Saved Best Model (+ scaler) to saved_models\amc_dstgnn_best.pth
2026-02-25 00:39:45,906 - AMC_DSTGNN - INFO - Epoch 038 | Train Loss: 0.0523 | Val Loss: 0.0843 | Time: 14.80s
2026-02-25 00:40:00,689 - AMC_DSTGNN - INFO - Epoch 039 | Train Loss: 0.0531 | Val Loss: 0.0844 | Time: 14.78s
2026-02-25 00:40:15,493 - AMC_DSTGNN - INFO - Epoch 040 | Train Loss: 0.0525 | Val Loss: 0.0843 | Time: 14.80s
2026-02-25 00:40:30,287 - AMC_DSTGNN - INFO - Epoch 041 | Train Loss: 0.0522 | Val Loss: 0.0841 | Time: 14.79s
2026-02-25 00:40:45,086 - AMC_DSTGNN - INFO - Epoch 042 | Train Loss: 0.0517 | Val Loss: 0.0843 | Time: 14.80s
2026-02-25 00:40:59,878 - AMC_DSTGNN - INFO - Epoch 043 | Train Loss: 0.0516 | Val Loss: 0.0844 | Time: 14.79s
2026-02-25 00:41:14,783 - AMC_DSTGNN - INFO - Epoch 044 | Train Loss: 0.0521 | Val Loss: 0.0844 | Time: 14.90s
2026-02-25 00:41:29,750 - AMC_DSTGNN - INFO - Epoch 045 | Train Loss: 0.0524 | Val Loss: 0.0842 | Time: 14.97s
2026-02-25 00:41:29,751 - AMC_DSTGNN - INFO - [AMC_DSTGNN] Early Stopping triggered at Epoch 45
