2026-02-24 14:52:44,548 - AMC_DSTGNN - INFO - === Starting unified runner for AMC_DSTGNN ===
2026-02-24 14:52:45,230 - AMC_DSTGNN - INFO - [AMC_DSTGNN] Initializing Unified Training Pipeline on cuda
2026-02-24 14:52:45,230 - AMC_DSTGNN - INFO - [AMC_DSTGNN] Calling get_dataloaders...
2026-02-24 14:52:48,207 - AMC_DSTGNN - INFO - [AMC_DSTGNN] Data Loaded: 207 Nodes, 14 Features (Traffic + Context)
2026-02-24 14:52:48,209 - AMC_DSTGNN - INFO - [AMC_DSTGNN] Loading Physical adjacency matrix...
2026-02-24 14:52:48,724 - AMC_DSTGNN - INFO - [AMC_DSTGNN] Building Architecture...
2026-02-24 14:52:49,875 - AMC_DSTGNN - INFO - [AMC_DSTGNN] Starting Training for 60 epochs...
2026-02-24 14:53:07,860 - AMC_DSTGNN - INFO - Epoch 001 | Train Loss: 0.0793 | Val Loss: 0.1088 | Time: 17.98s
2026-02-24 14:53:07,865 - AMC_DSTGNN - INFO -   -> Saved Best Model to saved_models\amc_dstgnn_best.pth
2026-02-24 14:53:25,488 - AMC_DSTGNN - INFO - Epoch 002 | Train Loss: 0.0582 | Val Loss: 0.1073 | Time: 17.62s
2026-02-24 14:53:25,491 - AMC_DSTGNN - INFO -   -> Saved Best Model to saved_models\amc_dstgnn_best.pth
2026-02-24 14:53:43,717 - AMC_DSTGNN - INFO - Epoch 003 | Train Loss: 0.0591 | Val Loss: 0.1073 | Time: 18.23s
2026-02-24 14:54:02,816 - AMC_DSTGNN - INFO - Epoch 004 | Train Loss: 0.0598 | Val Loss: 0.1059 | Time: 19.10s
2026-02-24 14:54:02,820 - AMC_DSTGNN - INFO -   -> Saved Best Model to saved_models\amc_dstgnn_best.pth
2026-02-24 14:54:22,951 - AMC_DSTGNN - INFO - Epoch 005 | Train Loss: 0.0598 | Val Loss: 0.1050 | Time: 20.13s
2026-02-24 14:54:22,951 - AMC_DSTGNN - INFO -   -> Saved Best Model to saved_models\amc_dstgnn_best.pth
2026-02-24 14:54:46,015 - AMC_DSTGNN - INFO - Epoch 006 | Train Loss: 0.0615 | Val Loss: 0.1026 | Time: 23.06s
2026-02-24 14:54:46,021 - AMC_DSTGNN - INFO -   -> Saved Best Model to saved_models\amc_dstgnn_best.pth
2026-02-24 14:55:14,185 - AMC_DSTGNN - INFO - Epoch 007 | Train Loss: 0.0614 | Val Loss: 0.1010 | Time: 28.16s
2026-02-24 14:55:14,192 - AMC_DSTGNN - INFO -   -> Saved Best Model to saved_models\amc_dstgnn_best.pth
2026-02-24 14:55:41,171 - AMC_DSTGNN - INFO - Epoch 008 | Train Loss: 0.0617 | Val Loss: 0.1027 | Time: 26.98s
2026-02-24 14:56:14,038 - AMC_DSTGNN - INFO - Epoch 009 | Train Loss: 0.0622 | Val Loss: 0.0996 | Time: 32.87s
2026-02-24 14:56:14,047 - AMC_DSTGNN - INFO -   -> Saved Best Model to saved_models\amc_dstgnn_best.pth
2026-02-24 14:56:48,527 - AMC_DSTGNN - INFO - Epoch 010 | Train Loss: 0.0620 | Val Loss: 0.0988 | Time: 34.48s
2026-02-24 14:56:48,533 - AMC_DSTGNN - INFO -   -> Saved Best Model to saved_models\amc_dstgnn_best.pth
2026-02-24 14:57:25,277 - AMC_DSTGNN - INFO - Epoch 011 | Train Loss: 0.0622 | Val Loss: 0.0974 | Time: 36.74s
2026-02-24 14:57:25,291 - AMC_DSTGNN - INFO -   -> Saved Best Model to saved_models\amc_dstgnn_best.pth
2026-02-24 14:58:04,815 - AMC_DSTGNN - INFO - Epoch 012 | Train Loss: 0.0639 | Val Loss: 0.0968 | Time: 39.52s
2026-02-24 14:58:04,837 - AMC_DSTGNN - INFO -   -> Saved Best Model to saved_models\amc_dstgnn_best.pth
2026-02-24 14:58:51,962 - AMC_DSTGNN - INFO - Epoch 013 | Train Loss: 0.0630 | Val Loss: 0.0997 | Time: 47.12s
2026-02-24 14:59:40,358 - AMC_DSTGNN - INFO - Epoch 014 | Train Loss: 0.0636 | Val Loss: 0.0976 | Time: 48.40s
2026-02-24 15:00:29,273 - AMC_DSTGNN - INFO - Epoch 015 | Train Loss: 0.0647 | Val Loss: 0.0931 | Time: 48.91s
2026-02-24 15:00:29,357 - AMC_DSTGNN - INFO -   -> Saved Best Model to saved_models\amc_dstgnn_best.pth
2026-02-24 15:01:26,446 - AMC_DSTGNN - INFO - Epoch 016 | Train Loss: 0.0650 | Val Loss: 0.0974 | Time: 57.09s
2026-02-24 15:02:23,617 - AMC_DSTGNN - INFO - Epoch 017 | Train Loss: 0.0654 | Val Loss: 0.0967 | Time: 57.17s
2026-02-24 15:03:18,244 - AMC_DSTGNN - INFO - Epoch 018 | Train Loss: 0.0654 | Val Loss: 0.0932 | Time: 54.63s
2026-02-24 15:04:05,247 - AMC_DSTGNN - INFO - Epoch 019 | Train Loss: 0.0654 | Val Loss: 0.0925 | Time: 47.00s
2026-02-24 15:04:05,259 - AMC_DSTGNN - INFO -   -> Saved Best Model to saved_models\amc_dstgnn_best.pth
2026-02-24 15:04:59,505 - AMC_DSTGNN - INFO - Epoch 020 | Train Loss: 0.0656 | Val Loss: 0.0924 | Time: 54.25s
2026-02-24 15:05:53,857 - AMC_DSTGNN - INFO - Epoch 021 | Train Loss: 0.0662 | Val Loss: 0.0921 | Time: 54.35s
2026-02-24 15:05:53,869 - AMC_DSTGNN - INFO -   -> Saved Best Model to saved_models\amc_dstgnn_best.pth
2026-02-24 15:06:59,673 - AMC_DSTGNN - INFO - Epoch 022 | Train Loss: 0.0651 | Val Loss: 0.0932 | Time: 65.80s
2026-02-24 15:07:52,844 - AMC_DSTGNN - INFO - Epoch 023 | Train Loss: 0.0679 | Val Loss: 0.1030 | Time: 53.17s
2026-02-24 15:08:54,503 - AMC_DSTGNN - INFO - Epoch 024 | Train Loss: 0.0672 | Val Loss: 0.0925 | Time: 61.66s
2026-02-24 15:09:53,953 - AMC_DSTGNN - INFO - Epoch 025 | Train Loss: 0.0672 | Val Loss: 0.0959 | Time: 59.45s
2026-02-24 15:10:58,220 - AMC_DSTGNN - INFO - Epoch 026 | Train Loss: 0.0682 | Val Loss: 0.0905 | Time: 64.27s
2026-02-24 15:10:58,291 - AMC_DSTGNN - INFO -   -> Saved Best Model to saved_models\amc_dstgnn_best.pth
2026-02-24 15:11:55,522 - AMC_DSTGNN - INFO - Epoch 027 | Train Loss: 0.0676 | Val Loss: 0.0903 | Time: 57.23s
2026-02-24 15:11:55,533 - AMC_DSTGNN - INFO -   -> Saved Best Model to saved_models\amc_dstgnn_best.pth
2026-02-24 15:12:53,312 - AMC_DSTGNN - INFO - Epoch 028 | Train Loss: 0.0685 | Val Loss: 0.0923 | Time: 57.78s
2026-02-24 15:13:54,501 - AMC_DSTGNN - INFO - Epoch 029 | Train Loss: 0.0690 | Val Loss: 0.0923 | Time: 61.19s
2026-02-24 15:14:56,151 - AMC_DSTGNN - INFO - Epoch 030 | Train Loss: 0.0694 | Val Loss: 0.0915 | Time: 61.65s
2026-02-24 15:15:51,112 - AMC_DSTGNN - INFO - Epoch 031 | Train Loss: 0.0690 | Val Loss: 0.0917 | Time: 54.95s
2026-02-24 15:16:56,327 - AMC_DSTGNN - INFO - Epoch 032 | Train Loss: 0.0691 | Val Loss: 0.0922 | Time: 65.22s
2026-02-24 15:18:02,868 - AMC_DSTGNN - INFO - Epoch 033 | Train Loss: 0.0701 | Val Loss: 0.0932 | Time: 66.54s
2026-02-24 15:18:58,221 - AMC_DSTGNN - INFO - Epoch 034 | Train Loss: 0.0694 | Val Loss: 0.0922 | Time: 55.35s
2026-02-24 15:20:11,977 - AMC_DSTGNN - INFO - Epoch 035 | Train Loss: 0.0697 | Val Loss: 0.0916 | Time: 73.76s
2026-02-24 15:20:11,979 - AMC_DSTGNN - INFO - [AMC_DSTGNN] Early Stopping triggered at Epoch 35
