2026-02-24 18:16:43,952 - AMC_DSTGNN - INFO - === Starting unified runner for AMC_DSTGNN ===
2026-02-24 18:16:45,095 - AMC_DSTGNN - INFO - [AMC_DSTGNN] Initializing Unified Training Pipeline on cuda
2026-02-24 18:16:45,095 - AMC_DSTGNN - INFO - [AMC_DSTGNN] Calling get_dataloaders...
2026-02-24 18:16:48,075 - AMC_DSTGNN - INFO - [AMC_DSTGNN] Data Loaded: 207 Nodes, 14 Features (Traffic + Context)
2026-02-24 18:16:48,075 - AMC_DSTGNN - INFO - [AMC_DSTGNN] Loading Physical adjacency matrix...
2026-02-24 18:16:48,572 - AMC_DSTGNN - INFO - [AMC_DSTGNN] Building Architecture...
2026-02-24 18:16:49,636 - AMC_DSTGNN - INFO - [AMC_DSTGNN] Starting Training for 60 epochs...
2026-02-24 18:17:09,358 - AMC_DSTGNN - INFO - Epoch 001 | Train Loss: 0.0788 | Val Loss: 0.1100 | Time: 19.72s
2026-02-24 18:17:09,365 - AMC_DSTGNN - INFO -   -> Saved Best Model to saved_models\amc_dstgnn_best.pth
2026-02-24 18:17:28,585 - AMC_DSTGNN - INFO - Epoch 002 | Train Loss: 0.0589 | Val Loss: 0.1258 | Time: 19.22s
2026-02-24 18:17:46,658 - AMC_DSTGNN - INFO - Epoch 003 | Train Loss: 0.0600 | Val Loss: 0.1092 | Time: 18.07s
2026-02-24 18:17:46,664 - AMC_DSTGNN - INFO -   -> Saved Best Model to saved_models\amc_dstgnn_best.pth
2026-02-24 18:18:04,966 - AMC_DSTGNN - INFO - Epoch 004 | Train Loss: 0.0599 | Val Loss: 0.1065 | Time: 18.30s
2026-02-24 18:18:04,969 - AMC_DSTGNN - INFO -   -> Saved Best Model to saved_models\amc_dstgnn_best.pth
2026-02-24 18:18:24,223 - AMC_DSTGNN - INFO - Epoch 005 | Train Loss: 0.0607 | Val Loss: 0.1048 | Time: 19.25s
2026-02-24 18:18:24,228 - AMC_DSTGNN - INFO -   -> Saved Best Model to saved_models\amc_dstgnn_best.pth
2026-02-24 18:18:44,063 - AMC_DSTGNN - INFO - Epoch 006 | Train Loss: 0.0605 | Val Loss: 0.1140 | Time: 19.84s
2026-02-24 18:19:05,357 - AMC_DSTGNN - INFO - Epoch 007 | Train Loss: 0.0617 | Val Loss: 0.1022 | Time: 21.29s
2026-02-24 18:19:05,367 - AMC_DSTGNN - INFO -   -> Saved Best Model to saved_models\amc_dstgnn_best.pth
2026-02-24 18:19:38,072 - AMC_DSTGNN - INFO - Epoch 008 | Train Loss: 0.0616 | Val Loss: 0.1006 | Time: 32.70s
2026-02-24 18:19:38,085 - AMC_DSTGNN - INFO -   -> Saved Best Model to saved_models\amc_dstgnn_best.pth
2026-02-24 18:20:07,275 - AMC_DSTGNN - INFO - Epoch 009 | Train Loss: 0.0627 | Val Loss: 0.0991 | Time: 29.19s
2026-02-24 18:20:07,283 - AMC_DSTGNN - INFO -   -> Saved Best Model to saved_models\amc_dstgnn_best.pth
2026-02-24 18:20:34,770 - AMC_DSTGNN - INFO - Epoch 010 | Train Loss: 0.0638 | Val Loss: 0.0985 | Time: 27.49s
2026-02-24 18:20:34,779 - AMC_DSTGNN - INFO -   -> Saved Best Model to saved_models\amc_dstgnn_best.pth
2026-02-24 18:21:02,568 - AMC_DSTGNN - INFO - Epoch 011 | Train Loss: 0.0619 | Val Loss: 0.0961 | Time: 27.79s
2026-02-24 18:21:02,580 - AMC_DSTGNN - INFO -   -> Saved Best Model to saved_models\amc_dstgnn_best.pth
2026-02-24 18:21:29,496 - AMC_DSTGNN - INFO - Epoch 012 | Train Loss: 0.0642 | Val Loss: 0.0946 | Time: 26.92s
2026-02-24 18:21:29,507 - AMC_DSTGNN - INFO -   -> Saved Best Model to saved_models\amc_dstgnn_best.pth
2026-02-24 18:21:57,093 - AMC_DSTGNN - INFO - Epoch 013 | Train Loss: 0.0631 | Val Loss: 0.0960 | Time: 27.59s
2026-02-24 18:22:23,878 - AMC_DSTGNN - INFO - Epoch 014 | Train Loss: 0.0633 | Val Loss: 0.0956 | Time: 26.78s
2026-02-24 18:22:54,047 - AMC_DSTGNN - INFO - Epoch 015 | Train Loss: 0.0623 | Val Loss: 0.0964 | Time: 30.17s
2026-02-24 18:23:22,745 - AMC_DSTGNN - INFO - Epoch 016 | Train Loss: 0.0639 | Val Loss: 0.0951 | Time: 28.70s
2026-02-24 18:23:50,971 - AMC_DSTGNN - INFO - Epoch 017 | Train Loss: 0.0639 | Val Loss: 0.0959 | Time: 28.23s
2026-02-24 18:24:20,063 - AMC_DSTGNN - INFO - Epoch 018 | Train Loss: 0.0646 | Val Loss: 0.0954 | Time: 29.09s
2026-02-24 18:24:50,054 - AMC_DSTGNN - INFO - Epoch 019 | Train Loss: 0.0649 | Val Loss: 0.0956 | Time: 29.99s
2026-02-24 18:25:18,500 - AMC_DSTGNN - INFO - Epoch 020 | Train Loss: 0.0651 | Val Loss: 0.0949 | Time: 28.45s
2026-02-24 18:25:18,501 - AMC_DSTGNN - INFO - [AMC_DSTGNN] Early Stopping triggered at Epoch 20
