2026-02-24 22:44:04,651 - CADGT - INFO - === Starting unified runner for CADGT ===
2026-02-24 22:44:06,200 - CADGT - INFO - [CADGT] Initializing Unified Training Pipeline on cuda
2026-02-24 22:44:06,200 - CADGT - INFO - [CADGT] Calling get_dataloaders...
2026-02-24 22:44:12,684 - CADGT - INFO - [CADGT] Data Loaded: 207 Nodes, 14 Features (Traffic + Context)
2026-02-24 22:44:12,684 - CADGT - INFO - [CADGT] Building Architecture...
2026-02-24 22:44:13,372 - CADGT - INFO - [CADGT] Starting Training for 60 epochs...
2026-02-24 22:45:08,878 - CADGT - INFO - Epoch 001 | Train Loss: 0.2835 | Val Loss: 0.2399 | Time: 55.51s
2026-02-24 22:45:08,891 - CADGT - INFO -   -> Saved Best Model (+ scaler) to saved_models\cadgt_best.pth
2026-02-24 22:46:04,410 - CADGT - INFO - Epoch 002 | Train Loss: 0.2543 | Val Loss: 0.2322 | Time: 55.52s
2026-02-24 22:46:04,417 - CADGT - INFO -   -> Saved Best Model (+ scaler) to saved_models\cadgt_best.pth
2026-02-24 22:47:02,350 - CADGT - INFO - Epoch 003 | Train Loss: 0.2445 | Val Loss: 0.2309 | Time: 57.93s
2026-02-24 22:47:02,357 - CADGT - INFO -   -> Saved Best Model (+ scaler) to saved_models\cadgt_best.pth
2026-02-24 22:48:02,332 - CADGT - INFO - Epoch 004 | Train Loss: 0.2386 | Val Loss: 0.2271 | Time: 59.98s
2026-02-24 22:48:02,340 - CADGT - INFO -   -> Saved Best Model (+ scaler) to saved_models\cadgt_best.pth
2026-02-24 22:49:03,511 - CADGT - INFO - Epoch 005 | Train Loss: 0.2337 | Val Loss: 0.2240 | Time: 61.17s
2026-02-24 22:49:03,520 - CADGT - INFO -   -> Saved Best Model (+ scaler) to saved_models\cadgt_best.pth
2026-02-24 22:50:05,387 - CADGT - INFO - Epoch 006 | Train Loss: 0.2303 | Val Loss: 0.2243 | Time: 61.87s
2026-02-24 22:51:07,724 - CADGT - INFO - Epoch 007 | Train Loss: 0.2277 | Val Loss: 0.2205 | Time: 62.33s
2026-02-24 22:51:07,729 - CADGT - INFO -   -> Saved Best Model (+ scaler) to saved_models\cadgt_best.pth
2026-02-24 22:52:10,513 - CADGT - INFO - Epoch 008 | Train Loss: 0.2251 | Val Loss: 0.2232 | Time: 62.78s
2026-02-24 22:53:14,296 - CADGT - INFO - Epoch 009 | Train Loss: 0.2229 | Val Loss: 0.2203 | Time: 63.78s
2026-02-24 22:53:14,305 - CADGT - INFO -   -> Saved Best Model (+ scaler) to saved_models\cadgt_best.pth
2026-02-24 22:54:17,840 - CADGT - INFO - Epoch 010 | Train Loss: 0.2212 | Val Loss: 0.2188 | Time: 63.53s
2026-02-24 22:54:17,846 - CADGT - INFO -   -> Saved Best Model (+ scaler) to saved_models\cadgt_best.pth
2026-02-24 22:55:22,485 - CADGT - INFO - Epoch 011 | Train Loss: 0.2199 | Val Loss: 0.2185 | Time: 64.64s
2026-02-24 22:55:22,493 - CADGT - INFO -   -> Saved Best Model (+ scaler) to saved_models\cadgt_best.pth
2026-02-24 22:56:26,162 - CADGT - INFO - Epoch 012 | Train Loss: 0.2183 | Val Loss: 0.2244 | Time: 63.67s
