2026-02-24 21:21:40,624 - CADGT - INFO - === Starting unified runner for CADGT ===
2026-02-24 21:21:42,292 - CADGT - INFO - [CADGT] Initializing Unified Training Pipeline on cuda
2026-02-24 21:21:42,292 - CADGT - INFO - [CADGT] Calling get_dataloaders...
2026-02-24 21:21:46,620 - CADGT - INFO - [CADGT] Data Loaded: 207 Nodes, 14 Features (Traffic + Context)
2026-02-24 21:21:46,620 - CADGT - INFO - [CADGT] Building Architecture...
2026-02-24 21:21:47,888 - CADGT - INFO - [CADGT] Starting Training for 60 epochs...
2026-02-24 21:22:32,430 - CADGT - INFO - Epoch 001 | Train Loss: 0.2835 | Val Loss: 0.2399 | Time: 44.54s
2026-02-24 21:22:32,478 - CADGT - INFO -   -> Saved Best Model (+ scaler) to saved_models\cadgt_best.pth
2026-02-24 21:23:17,515 - CADGT - INFO - Epoch 002 | Train Loss: 0.2543 | Val Loss: 0.2322 | Time: 45.04s
2026-02-24 21:23:17,520 - CADGT - INFO -   -> Saved Best Model (+ scaler) to saved_models\cadgt_best.pth
2026-02-24 21:24:06,443 - CADGT - INFO - Epoch 003 | Train Loss: 0.2445 | Val Loss: 0.2309 | Time: 48.92s
2026-02-24 21:24:06,450 - CADGT - INFO -   -> Saved Best Model (+ scaler) to saved_models\cadgt_best.pth
2026-02-24 21:25:00,765 - CADGT - INFO - Epoch 004 | Train Loss: 0.2386 | Val Loss: 0.2271 | Time: 54.32s
2026-02-24 21:25:00,784 - CADGT - INFO -   -> Saved Best Model (+ scaler) to saved_models\cadgt_best.pth
2026-02-24 21:26:07,982 - CADGT - INFO - Epoch 005 | Train Loss: 0.2337 | Val Loss: 0.2240 | Time: 67.20s
2026-02-24 21:26:07,990 - CADGT - INFO -   -> Saved Best Model (+ scaler) to saved_models\cadgt_best.pth
2026-02-24 21:26:56,529 - CADGT - INFO - Epoch 006 | Train Loss: 0.2303 | Val Loss: 0.2243 | Time: 48.54s
2026-02-24 21:27:43,403 - CADGT - INFO - Epoch 007 | Train Loss: 0.2277 | Val Loss: 0.2205 | Time: 46.87s
2026-02-24 21:27:43,409 - CADGT - INFO -   -> Saved Best Model (+ scaler) to saved_models\cadgt_best.pth
2026-02-24 21:28:29,893 - CADGT - INFO - Epoch 008 | Train Loss: 0.2251 | Val Loss: 0.2232 | Time: 46.48s
2026-02-24 21:29:16,108 - CADGT - INFO - Epoch 009 | Train Loss: 0.2229 | Val Loss: 0.2203 | Time: 46.21s
2026-02-24 21:29:16,115 - CADGT - INFO -   -> Saved Best Model (+ scaler) to saved_models\cadgt_best.pth
2026-02-24 21:30:02,203 - CADGT - INFO - Epoch 010 | Train Loss: 0.2212 | Val Loss: 0.2188 | Time: 46.09s
2026-02-24 21:30:02,208 - CADGT - INFO -   -> Saved Best Model (+ scaler) to saved_models\cadgt_best.pth
2026-02-24 21:30:48,237 - CADGT - INFO - Epoch 011 | Train Loss: 0.2199 | Val Loss: 0.2185 | Time: 46.03s
2026-02-24 21:30:48,244 - CADGT - INFO -   -> Saved Best Model (+ scaler) to saved_models\cadgt_best.pth
2026-02-24 21:31:34,294 - CADGT - INFO - Epoch 012 | Train Loss: 0.2183 | Val Loss: 0.2244 | Time: 46.05s
2026-02-24 21:32:20,394 - CADGT - INFO - Epoch 013 | Train Loss: 0.2171 | Val Loss: 0.2202 | Time: 46.10s
2026-02-24 21:33:06,394 - CADGT - INFO - Epoch 014 | Train Loss: 0.2158 | Val Loss: 0.2194 | Time: 46.00s
2026-02-24 21:33:52,387 - CADGT - INFO - Epoch 015 | Train Loss: 0.2146 | Val Loss: 0.2185 | Time: 45.99s
2026-02-24 21:34:38,370 - CADGT - INFO - Epoch 016 | Train Loss: 0.2139 | Val Loss: 0.2203 | Time: 45.98s
2026-02-24 21:35:24,463 - CADGT - INFO - Epoch 017 | Train Loss: 0.2128 | Val Loss: 0.2210 | Time: 46.09s
2026-02-24 21:36:10,505 - CADGT - INFO - Epoch 018 | Train Loss: 0.2122 | Val Loss: 0.2208 | Time: 46.04s
2026-02-24 21:36:56,466 - CADGT - INFO - Epoch 019 | Train Loss: 0.2113 | Val Loss: 0.2219 | Time: 45.96s
2026-02-24 21:36:56,466 - CADGT - INFO - [CADGT] Early Stopping triggered at Epoch 19
