2026-02-24 18:40:13,566 - CADGT - INFO - === Starting unified runner for CADGT ===
2026-02-24 18:40:15,116 - CADGT - INFO - [CADGT] Initializing Unified Training Pipeline on cuda
2026-02-24 18:40:15,117 - CADGT - INFO - [CADGT] Calling get_dataloaders...
2026-02-24 18:40:18,054 - CADGT - INFO - [CADGT] Data Loaded: 207 Nodes, 14 Features (Traffic + Context)
2026-02-24 18:40:18,055 - CADGT - INFO - [CADGT] Building Architecture...
2026-02-24 18:40:19,537 - CADGT - INFO - [CADGT] Starting Training for 60 epochs...
2026-02-24 18:41:04,118 - CADGT - INFO - Epoch 001 | Train Loss: 0.2843 | Val Loss: 0.2443 | Time: 44.58s
2026-02-24 18:41:04,171 - CADGT - INFO -   -> Saved Best Model to saved_models\cadgt_best.pth
2026-02-24 18:41:49,480 - CADGT - INFO - Epoch 002 | Train Loss: 0.2577 | Val Loss: 0.2431 | Time: 45.31s
2026-02-24 18:41:49,487 - CADGT - INFO -   -> Saved Best Model to saved_models\cadgt_best.pth
2026-02-24 18:42:37,968 - CADGT - INFO - Epoch 003 | Train Loss: 0.2477 | Val Loss: 0.2332 | Time: 48.48s
2026-02-24 18:42:37,975 - CADGT - INFO -   -> Saved Best Model to saved_models\cadgt_best.pth
2026-02-24 18:43:28,337 - CADGT - INFO - Epoch 004 | Train Loss: 0.2415 | Val Loss: 0.2318 | Time: 50.36s
2026-02-24 18:43:28,345 - CADGT - INFO -   -> Saved Best Model to saved_models\cadgt_best.pth
2026-02-24 18:44:21,714 - CADGT - INFO - Epoch 005 | Train Loss: 0.2373 | Val Loss: 0.2251 | Time: 53.37s
2026-02-24 18:44:21,780 - CADGT - INFO -   -> Saved Best Model to saved_models\cadgt_best.pth
2026-02-24 18:45:26,382 - CADGT - INFO - Epoch 006 | Train Loss: 0.2341 | Val Loss: 0.2269 | Time: 64.60s
2026-02-24 18:46:26,756 - CADGT - INFO - Epoch 007 | Train Loss: 0.2314 | Val Loss: 0.2246 | Time: 60.37s
2026-02-24 18:46:26,798 - CADGT - INFO -   -> Saved Best Model to saved_models\cadgt_best.pth
2026-02-24 18:47:25,635 - CADGT - INFO - Epoch 008 | Train Loss: 0.2294 | Val Loss: 0.2266 | Time: 58.84s
2026-02-24 18:48:29,690 - CADGT - INFO - Epoch 009 | Train Loss: 0.2276 | Val Loss: 0.2220 | Time: 64.05s
2026-02-24 18:48:29,751 - CADGT - INFO -   -> Saved Best Model to saved_models\cadgt_best.pth
2026-02-24 18:49:34,485 - CADGT - INFO - Epoch 010 | Train Loss: 0.2257 | Val Loss: 0.2274 | Time: 64.73s
2026-02-24 18:50:35,615 - CADGT - INFO - Epoch 011 | Train Loss: 0.2247 | Val Loss: 0.2278 | Time: 61.13s
2026-02-24 18:51:40,330 - CADGT - INFO - Epoch 012 | Train Loss: 0.2234 | Val Loss: 0.2270 | Time: 64.71s
2026-02-24 18:52:49,088 - CADGT - INFO - Epoch 013 | Train Loss: 0.2224 | Val Loss: 0.2315 | Time: 68.76s
2026-02-24 18:54:00,011 - CADGT - INFO - Epoch 014 | Train Loss: 0.2201 | Val Loss: 0.2267 | Time: 70.92s
2026-02-24 18:55:02,926 - CADGT - INFO - Epoch 015 | Train Loss: 0.2194 | Val Loss: 0.2268 | Time: 62.91s
2026-02-24 18:56:05,146 - CADGT - INFO - Epoch 016 | Train Loss: 0.2189 | Val Loss: 0.2282 | Time: 62.22s
2026-02-24 18:57:09,567 - CADGT - INFO - Epoch 017 | Train Loss: 0.2186 | Val Loss: 0.2284 | Time: 64.42s
2026-02-24 18:57:09,568 - CADGT - INFO - [CADGT] Early Stopping triggered at Epoch 17
