2026-02-24 14:05:56,897 - CADGT - INFO - === Starting unified runner for CADGT ===
2026-02-24 14:05:58,462 - CADGT - INFO - [CADGT] Initializing Unified Training Pipeline on cuda
2026-02-24 14:05:58,462 - CADGT - INFO - [CADGT] Calling get_dataloaders...
2026-02-24 14:06:01,548 - CADGT - INFO - [CADGT] Data Loaded: 207 Nodes, 14 Features (Traffic + Context)
2026-02-24 14:06:01,549 - CADGT - INFO - [CADGT] Building Architecture...
2026-02-24 14:06:03,191 - CADGT - INFO - [CADGT] Starting Training for 60 epochs...
2026-02-24 14:06:47,503 - CADGT - INFO - Epoch 001 | Train Loss: 0.2862 | Val Loss: 0.2462 | Time: 44.31s
2026-02-24 14:06:47,518 - CADGT - INFO -   -> Saved Best Model to saved_models\cadgt_best.pth
2026-02-24 14:07:30,668 - CADGT - INFO - Epoch 002 | Train Loss: 0.2586 | Val Loss: 0.2381 | Time: 43.15s
2026-02-24 14:07:30,673 - CADGT - INFO -   -> Saved Best Model to saved_models\cadgt_best.pth
2026-02-24 14:08:15,039 - CADGT - INFO - Epoch 003 | Train Loss: 0.2509 | Val Loss: 0.2321 | Time: 44.37s
2026-02-24 14:08:15,046 - CADGT - INFO -   -> Saved Best Model to saved_models\cadgt_best.pth
2026-02-24 14:09:02,084 - CADGT - INFO - Epoch 004 | Train Loss: 0.2463 | Val Loss: 0.2290 | Time: 47.04s
2026-02-24 14:09:02,092 - CADGT - INFO -   -> Saved Best Model to saved_models\cadgt_best.pth
2026-02-24 14:09:50,684 - CADGT - INFO - Epoch 005 | Train Loss: 0.2423 | Val Loss: 0.2262 | Time: 48.59s
2026-02-24 14:09:50,691 - CADGT - INFO -   -> Saved Best Model to saved_models\cadgt_best.pth
2026-02-24 14:10:41,715 - CADGT - INFO - Epoch 006 | Train Loss: 0.2395 | Val Loss: 0.2250 | Time: 51.02s
2026-02-24 14:10:41,722 - CADGT - INFO -   -> Saved Best Model to saved_models\cadgt_best.pth
2026-02-24 14:11:31,639 - CADGT - INFO - Epoch 007 | Train Loss: 0.2361 | Val Loss: 0.2231 | Time: 49.92s
2026-02-24 14:11:31,648 - CADGT - INFO -   -> Saved Best Model to saved_models\cadgt_best.pth
2026-02-24 14:12:21,973 - CADGT - INFO - Epoch 008 | Train Loss: 0.2346 | Val Loss: 0.2225 | Time: 50.33s
2026-02-24 14:12:21,980 - CADGT - INFO -   -> Saved Best Model to saved_models\cadgt_best.pth
2026-02-24 14:13:12,412 - CADGT - INFO - Epoch 009 | Train Loss: 0.2325 | Val Loss: 0.2195 | Time: 50.43s
2026-02-24 14:13:12,422 - CADGT - INFO -   -> Saved Best Model to saved_models\cadgt_best.pth
2026-02-24 14:14:03,168 - CADGT - INFO - Epoch 010 | Train Loss: 0.2307 | Val Loss: 0.2177 | Time: 50.75s
2026-02-24 14:14:03,177 - CADGT - INFO -   -> Saved Best Model to saved_models\cadgt_best.pth
2026-02-24 14:14:54,184 - CADGT - INFO - Epoch 011 | Train Loss: 0.2297 | Val Loss: 0.2177 | Time: 51.01s
2026-02-24 14:15:45,357 - CADGT - INFO - Epoch 012 | Train Loss: 0.2283 | Val Loss: 0.2171 | Time: 51.17s
2026-02-24 14:15:45,365 - CADGT - INFO -   -> Saved Best Model to saved_models\cadgt_best.pth
2026-02-24 14:16:36,538 - CADGT - INFO - Epoch 013 | Train Loss: 0.2273 | Val Loss: 0.2158 | Time: 51.17s
2026-02-24 14:16:36,547 - CADGT - INFO -   -> Saved Best Model to saved_models\cadgt_best.pth
2026-02-24 14:17:28,004 - CADGT - INFO - Epoch 014 | Train Loss: 0.2263 | Val Loss: 0.2161 | Time: 51.46s
2026-02-24 14:18:19,888 - CADGT - INFO - Epoch 015 | Train Loss: 0.2254 | Val Loss: 0.2160 | Time: 51.88s
2026-02-24 14:19:12,038 - CADGT - INFO - Epoch 016 | Train Loss: 0.2248 | Val Loss: 0.2165 | Time: 52.15s
2026-02-24 14:20:05,557 - CADGT - INFO - Epoch 017 | Train Loss: 0.2239 | Val Loss: 0.2153 | Time: 53.52s
2026-02-24 14:20:05,592 - CADGT - INFO -   -> Saved Best Model to saved_models\cadgt_best.pth
2026-02-24 14:20:58,092 - CADGT - INFO - Epoch 018 | Train Loss: 0.2231 | Val Loss: 0.2138 | Time: 52.50s
2026-02-24 14:20:58,104 - CADGT - INFO -   -> Saved Best Model to saved_models\cadgt_best.pth
2026-02-24 14:21:50,859 - CADGT - INFO - Epoch 019 | Train Loss: 0.2227 | Val Loss: 0.2196 | Time: 52.75s
2026-02-24 14:22:43,552 - CADGT - INFO - Epoch 020 | Train Loss: 0.2222 | Val Loss: 0.2136 | Time: 52.69s
2026-02-24 14:22:43,565 - CADGT - INFO -   -> Saved Best Model to saved_models\cadgt_best.pth
2026-02-24 14:23:36,388 - CADGT - INFO - Epoch 021 | Train Loss: 0.2213 | Val Loss: 0.2143 | Time: 52.82s
2026-02-24 14:24:29,602 - CADGT - INFO - Epoch 022 | Train Loss: 0.2206 | Val Loss: 0.2144 | Time: 53.21s
2026-02-24 14:25:22,166 - CADGT - INFO - Epoch 023 | Train Loss: 0.2206 | Val Loss: 0.2140 | Time: 52.56s
2026-02-24 14:26:15,412 - CADGT - INFO - Epoch 024 | Train Loss: 0.2199 | Val Loss: 0.2150 | Time: 53.24s
2026-02-24 14:27:07,908 - CADGT - INFO - Epoch 025 | Train Loss: 0.2178 | Val Loss: 0.2138 | Time: 52.50s
2026-02-24 14:28:00,134 - CADGT - INFO - Epoch 026 | Train Loss: 0.2174 | Val Loss: 0.2132 | Time: 52.23s
2026-02-24 14:28:00,143 - CADGT - INFO -   -> Saved Best Model to saved_models\cadgt_best.pth
2026-02-24 14:28:52,860 - CADGT - INFO - Epoch 027 | Train Loss: 0.2171 | Val Loss: 0.2131 | Time: 52.72s
2026-02-24 14:29:45,318 - CADGT - INFO - Epoch 028 | Train Loss: 0.2171 | Val Loss: 0.2131 | Time: 52.46s
2026-02-24 14:30:38,518 - CADGT - INFO - Epoch 029 | Train Loss: 0.2166 | Val Loss: 0.2137 | Time: 53.20s
2026-02-24 14:31:34,954 - CADGT - INFO - Epoch 030 | Train Loss: 0.2165 | Val Loss: 0.2127 | Time: 56.44s
2026-02-24 14:31:34,974 - CADGT - INFO -   -> Saved Best Model to saved_models\cadgt_best.pth
2026-02-24 14:32:28,061 - CADGT - INFO - Epoch 031 | Train Loss: 0.2161 | Val Loss: 0.2138 | Time: 53.09s
2026-02-24 14:33:20,715 - CADGT - INFO - Epoch 032 | Train Loss: 0.2159 | Val Loss: 0.2150 | Time: 52.65s
2026-02-24 14:34:13,465 - CADGT - INFO - Epoch 033 | Train Loss: 0.2156 | Val Loss: 0.2127 | Time: 52.75s
2026-02-24 14:35:05,971 - CADGT - INFO - Epoch 034 | Train Loss: 0.2155 | Val Loss: 0.2129 | Time: 52.50s
2026-02-24 14:35:58,894 - CADGT - INFO - Epoch 035 | Train Loss: 0.2153 | Val Loss: 0.2165 | Time: 52.92s
2026-02-24 14:36:52,580 - CADGT - INFO - Epoch 036 | Train Loss: 0.2150 | Val Loss: 0.2154 | Time: 53.68s
2026-02-24 14:37:46,362 - CADGT - INFO - Epoch 037 | Train Loss: 0.2146 | Val Loss: 0.2141 | Time: 53.78s
2026-02-24 14:38:40,080 - CADGT - INFO - Epoch 038 | Train Loss: 0.2136 | Val Loss: 0.2139 | Time: 53.72s
2026-02-24 14:38:40,081 - CADGT - INFO - [CADGT] Early Stopping triggered at Epoch 38
