2026-02-23 22:56:50,646 - CADGT - INFO - === Starting unified runner for CADGT ===
2026-02-23 22:56:52,196 - CADGT - INFO - [CADGT] Initializing Unified Training Pipeline on cuda
2026-02-23 22:56:52,196 - CADGT - INFO - [CADGT] Calling get_dataloaders...
2026-02-23 22:56:55,408 - CADGT - INFO - [CADGT] Data Loaded: 207 Nodes, 15 Features (Traffic + Context)
2026-02-23 22:56:55,408 - CADGT - INFO - [CADGT] Building Architecture...
2026-02-23 22:56:57,035 - CADGT - INFO - [CADGT] Starting Training for 60 epochs...
2026-02-23 22:58:07,040 - CADGT - INFO - Epoch 001 | Train Loss: 0.2908 | Val Loss: 0.2575 | Time: 70.00s
2026-02-23 22:58:07,052 - CADGT - INFO -   -> Saved Best Model to saved_models\cadgt_best.pth
2026-02-23 22:59:17,882 - CADGT - INFO - Epoch 002 | Train Loss: 0.2689 | Val Loss: 0.2464 | Time: 70.83s
2026-02-23 22:59:17,889 - CADGT - INFO -   -> Saved Best Model to saved_models\cadgt_best.pth
2026-02-23 23:00:32,192 - CADGT - INFO - Epoch 003 | Train Loss: 0.2642 | Val Loss: 0.2428 | Time: 74.30s
2026-02-23 23:00:32,200 - CADGT - INFO -   -> Saved Best Model to saved_models\cadgt_best.pth
2026-02-23 23:01:49,182 - CADGT - INFO - Epoch 004 | Train Loss: 0.2553 | Val Loss: 0.2397 | Time: 76.98s
2026-02-23 23:01:49,190 - CADGT - INFO -   -> Saved Best Model to saved_models\cadgt_best.pth
2026-02-23 23:03:08,227 - CADGT - INFO - Epoch 005 | Train Loss: 0.2488 | Val Loss: 0.2364 | Time: 79.04s
2026-02-23 23:03:08,237 - CADGT - INFO -   -> Saved Best Model to saved_models\cadgt_best.pth
2026-02-23 23:04:27,445 - CADGT - INFO - Epoch 006 | Train Loss: 0.2415 | Val Loss: 0.2334 | Time: 79.21s
2026-02-23 23:04:27,473 - CADGT - INFO -   -> Saved Best Model to saved_models\cadgt_best.pth
2026-02-23 23:05:49,862 - CADGT - INFO - Epoch 007 | Train Loss: 0.2371 | Val Loss: 0.2304 | Time: 82.39s
2026-02-23 23:05:49,885 - CADGT - INFO -   -> Saved Best Model to saved_models\cadgt_best.pth
2026-02-23 23:07:11,076 - CADGT - INFO - Epoch 008 | Train Loss: 0.2338 | Val Loss: 0.2301 | Time: 81.19s
2026-02-23 23:07:11,090 - CADGT - INFO -   -> Saved Best Model to saved_models\cadgt_best.pth
2026-02-23 23:08:34,450 - CADGT - INFO - Epoch 009 | Train Loss: 0.2318 | Val Loss: 0.2319 | Time: 83.36s
2026-02-23 23:09:57,162 - CADGT - INFO - Epoch 010 | Train Loss: 0.2308 | Val Loss: 0.2287 | Time: 82.71s
2026-02-23 23:09:57,177 - CADGT - INFO -   -> Saved Best Model to saved_models\cadgt_best.pth
2026-02-23 23:11:20,757 - CADGT - INFO - Epoch 011 | Train Loss: 0.2291 | Val Loss: 0.2306 | Time: 83.58s
2026-02-23 23:12:46,770 - CADGT - INFO - Epoch 012 | Train Loss: 0.2280 | Val Loss: 0.2303 | Time: 86.01s
2026-02-23 23:14:06,898 - CADGT - INFO - Epoch 013 | Train Loss: 0.2269 | Val Loss: 0.2367 | Time: 80.12s
2026-02-23 23:15:27,057 - CADGT - INFO - Epoch 014 | Train Loss: 0.2255 | Val Loss: 0.2331 | Time: 80.16s
2026-02-23 23:16:47,896 - CADGT - INFO - Epoch 015 | Train Loss: 0.2230 | Val Loss: 0.2335 | Time: 80.84s
2026-02-23 23:18:10,946 - CADGT - INFO - Epoch 016 | Train Loss: 0.2225 | Val Loss: 0.2331 | Time: 83.05s
2026-02-23 23:19:32,443 - CADGT - INFO - Epoch 017 | Train Loss: 0.2219 | Val Loss: 0.2334 | Time: 81.50s
2026-02-23 23:24:00,667 - CADGT - INFO - Epoch 018 | Train Loss: 0.2214 | Val Loss: 0.2337 | Time: 268.22s
2026-02-23 23:24:00,667 - CADGT - INFO - [CADGT] Early Stopping triggered at Epoch 18
