2026-02-24 23:38:04,386 - CADGT - INFO - === Starting unified runner for CADGT ===
2026-02-24 23:38:05,931 - CADGT - INFO - [CADGT] Initializing Unified Training Pipeline on cuda
2026-02-24 23:38:05,931 - CADGT - INFO - [CADGT] Calling get_dataloaders...
2026-02-24 23:38:09,701 - CADGT - INFO - [CADGT] Data Loaded: 207 Nodes, 10 Features (Traffic + Context)
2026-02-24 23:38:09,701 - CADGT - INFO - [CADGT] Loading Physical adjacency matrix...
2026-02-24 23:38:09,706 - CADGT - INFO - [CADGT] Building Architecture...
2026-02-24 23:38:10,407 - CADGT - INFO - [CADGT] Starting Training for 60 epochs...
2026-02-24 23:39:15,393 - CADGT - INFO - Epoch 001 | Train Loss: 0.2814 | Val Loss: 0.2417 | Time: 64.98s
2026-02-24 23:39:15,403 - CADGT - INFO -   -> Saved Best Model (+ scaler) to saved_models\cadgt_best.pth
2026-02-24 23:40:20,276 - CADGT - INFO - Epoch 002 | Train Loss: 0.2524 | Val Loss: 0.2289 | Time: 64.87s
2026-02-24 23:40:20,283 - CADGT - INFO -   -> Saved Best Model (+ scaler) to saved_models\cadgt_best.pth
2026-02-24 23:41:25,350 - CADGT - INFO - Epoch 003 | Train Loss: 0.2422 | Val Loss: 0.2248 | Time: 65.07s
2026-02-24 23:41:25,357 - CADGT - INFO -   -> Saved Best Model (+ scaler) to saved_models\cadgt_best.pth
2026-02-24 23:42:31,303 - CADGT - INFO - Epoch 004 | Train Loss: 0.2368 | Val Loss: 0.2213 | Time: 65.95s
2026-02-24 23:42:31,310 - CADGT - INFO -   -> Saved Best Model (+ scaler) to saved_models\cadgt_best.pth
2026-02-24 23:43:37,658 - CADGT - INFO - Epoch 005 | Train Loss: 0.2331 | Val Loss: 0.2234 | Time: 66.35s
2026-02-24 23:44:44,145 - CADGT - INFO - Epoch 006 | Train Loss: 0.2297 | Val Loss: 0.2197 | Time: 66.49s
2026-02-24 23:44:44,152 - CADGT - INFO -   -> Saved Best Model (+ scaler) to saved_models\cadgt_best.pth
2026-02-24 23:45:50,980 - CADGT - INFO - Epoch 007 | Train Loss: 0.2272 | Val Loss: 0.2178 | Time: 66.83s
2026-02-24 23:45:50,989 - CADGT - INFO -   -> Saved Best Model (+ scaler) to saved_models\cadgt_best.pth
2026-02-24 23:46:57,750 - CADGT - INFO - Epoch 008 | Train Loss: 0.2253 | Val Loss: 0.2148 | Time: 66.76s
2026-02-24 23:46:57,757 - CADGT - INFO -   -> Saved Best Model (+ scaler) to saved_models\cadgt_best.pth
2026-02-24 23:48:04,410 - CADGT - INFO - Epoch 009 | Train Loss: 0.2235 | Val Loss: 0.2172 | Time: 66.65s
2026-02-24 23:49:10,956 - CADGT - INFO - Epoch 010 | Train Loss: 0.2221 | Val Loss: 0.2155 | Time: 66.55s
2026-02-24 23:50:17,388 - CADGT - INFO - Epoch 011 | Train Loss: 0.2207 | Val Loss: 0.2131 | Time: 66.43s
2026-02-24 23:50:17,394 - CADGT - INFO -   -> Saved Best Model (+ scaler) to saved_models\cadgt_best.pth
2026-02-24 23:51:23,962 - CADGT - INFO - Epoch 012 | Train Loss: 0.2194 | Val Loss: 0.2133 | Time: 66.57s
2026-02-24 23:52:30,656 - CADGT - INFO - Epoch 013 | Train Loss: 0.2186 | Val Loss: 0.2144 | Time: 66.69s
2026-02-24 23:53:37,295 - CADGT - INFO - Epoch 014 | Train Loss: 0.2171 | Val Loss: 0.2121 | Time: 66.64s
2026-02-24 23:53:37,304 - CADGT - INFO -   -> Saved Best Model (+ scaler) to saved_models\cadgt_best.pth
2026-02-24 23:54:43,922 - CADGT - INFO - Epoch 015 | Train Loss: 0.2160 | Val Loss: 0.2141 | Time: 66.62s
2026-02-24 23:55:50,513 - CADGT - INFO - Epoch 016 | Train Loss: 0.2151 | Val Loss: 0.2137 | Time: 66.59s
2026-02-24 23:56:57,074 - CADGT - INFO - Epoch 017 | Train Loss: 0.2149 | Val Loss: 0.2114 | Time: 66.56s
2026-02-24 23:56:57,081 - CADGT - INFO -   -> Saved Best Model (+ scaler) to saved_models\cadgt_best.pth
2026-02-24 23:58:03,674 - CADGT - INFO - Epoch 018 | Train Loss: 0.2141 | Val Loss: 0.2160 | Time: 66.59s
2026-02-24 23:59:10,250 - CADGT - INFO - Epoch 019 | Train Loss: 0.2126 | Val Loss: 0.2125 | Time: 66.58s
2026-02-25 00:00:16,796 - CADGT - INFO - Epoch 020 | Train Loss: 0.2120 | Val Loss: 0.2155 | Time: 66.55s
2026-02-25 00:01:23,396 - CADGT - INFO - Epoch 021 | Train Loss: 0.2114 | Val Loss: 0.2124 | Time: 66.60s
2026-02-25 00:02:29,910 - CADGT - INFO - Epoch 022 | Train Loss: 0.2088 | Val Loss: 0.2136 | Time: 66.51s
2026-02-25 00:03:36,463 - CADGT - INFO - Epoch 023 | Train Loss: 0.2084 | Val Loss: 0.2133 | Time: 66.55s
2026-02-25 00:04:59,886 - CADGT - INFO - Epoch 024 | Train Loss: 0.2080 | Val Loss: 0.2121 | Time: 83.42s
2026-02-25 00:06:16,755 - CADGT - INFO - Epoch 025 | Train Loss: 0.2077 | Val Loss: 0.2138 | Time: 76.87s
2026-02-25 00:06:16,756 - CADGT - INFO - [CADGT] Early Stopping triggered at Epoch 25
