2026-02-24 18:14:51,167 - CAMT - INFO - === Starting unified runner for CAMT ===
2026-02-24 18:14:51,672 - CAMT - INFO - [CAMT] Initializing Unified Training Pipeline on cuda
2026-02-24 18:14:51,672 - CAMT - INFO - [CAMT] Calling get_dataloaders...
2026-02-24 18:14:54,415 - CAMT - INFO - [CAMT] Data Loaded: 207 Nodes, 14 Features (Traffic + Context)
2026-02-24 18:14:54,415 - CAMT - INFO - [CAMT] Loading Physical adjacency matrix...
2026-02-24 18:14:54,913 - CAMT - INFO - [CAMT] Building Architecture...
2026-02-24 18:14:56,012 - CAMT - INFO - [CAMT] Starting Training for 60 epochs...
2026-02-24 18:15:02,057 - CAMT - INFO - Epoch 001 | Train Loss: 0.2425 | Val Loss: 0.1973 | Time: 6.04s
2026-02-24 18:15:02,068 - CAMT - INFO -   -> Saved Best Model to saved_models\camt_best.pth
2026-02-24 18:15:07,568 - CAMT - INFO - Epoch 002 | Train Loss: 0.1762 | Val Loss: 0.1873 | Time: 5.50s
2026-02-24 18:15:07,579 - CAMT - INFO -   -> Saved Best Model to saved_models\camt_best.pth
2026-02-24 18:15:12,936 - CAMT - INFO - Epoch 003 | Train Loss: 0.1583 | Val Loss: 0.1804 | Time: 5.36s
2026-02-24 18:15:12,946 - CAMT - INFO -   -> Saved Best Model to saved_models\camt_best.pth
2026-02-24 18:15:18,518 - CAMT - INFO - Epoch 004 | Train Loss: 0.1466 | Val Loss: 0.1809 | Time: 5.57s
2026-02-24 18:15:24,216 - CAMT - INFO - Epoch 005 | Train Loss: 0.1380 | Val Loss: 0.1780 | Time: 5.70s
2026-02-24 18:15:24,225 - CAMT - INFO -   -> Saved Best Model to saved_models\camt_best.pth
2026-02-24 18:15:29,545 - CAMT - INFO - Epoch 006 | Train Loss: 0.1314 | Val Loss: 0.1800 | Time: 5.32s
2026-02-24 18:15:35,033 - CAMT - INFO - Epoch 007 | Train Loss: 0.1268 | Val Loss: 0.1811 | Time: 5.49s
2026-02-24 18:15:40,437 - CAMT - INFO - Epoch 008 | Train Loss: 0.1229 | Val Loss: 0.1810 | Time: 5.40s
2026-02-24 18:15:46,012 - CAMT - INFO - Epoch 009 | Train Loss: 0.1200 | Val Loss: 0.1823 | Time: 5.57s
2026-02-24 18:15:51,479 - CAMT - INFO - Epoch 010 | Train Loss: 0.1126 | Val Loss: 0.1836 | Time: 5.47s
2026-02-24 18:15:56,826 - CAMT - INFO - Epoch 011 | Train Loss: 0.1110 | Val Loss: 0.1821 | Time: 5.35s
2026-02-24 18:16:02,154 - CAMT - INFO - Epoch 012 | Train Loss: 0.1098 | Val Loss: 0.1838 | Time: 5.33s
2026-02-24 18:16:07,515 - CAMT - INFO - Epoch 013 | Train Loss: 0.1087 | Val Loss: 0.1853 | Time: 5.36s
2026-02-24 18:16:07,517 - CAMT - INFO - [CAMT] Early Stopping triggered at Epoch 13
