2026-02-24 14:38:44,627 - CAMT - INFO - === Starting unified runner for CAMT ===
2026-02-24 14:38:45,402 - CAMT - INFO - [CAMT] Initializing Unified Training Pipeline on cuda
2026-02-24 14:38:45,404 - CAMT - INFO - [CAMT] Calling get_dataloaders...
2026-02-24 14:38:49,548 - CAMT - INFO - [CAMT] Data Loaded: 207 Nodes, 14 Features (Traffic + Context)
2026-02-24 14:38:49,550 - CAMT - INFO - [CAMT] Loading Physical adjacency matrix...
2026-02-24 14:38:50,285 - CAMT - INFO - [CAMT] Building Architecture...
2026-02-24 14:38:51,889 - CAMT - INFO - [CAMT] Starting Training for 60 epochs...
2026-02-24 14:38:59,262 - CAMT - INFO - Epoch 001 | Train Loss: 0.2365 | Val Loss: 0.1967 | Time: 7.37s
2026-02-24 14:38:59,275 - CAMT - INFO -   -> Saved Best Model to saved_models\camt_best.pth
2026-02-24 14:39:06,280 - CAMT - INFO - Epoch 002 | Train Loss: 0.1732 | Val Loss: 0.1834 | Time: 7.01s
2026-02-24 14:39:06,294 - CAMT - INFO -   -> Saved Best Model to saved_models\camt_best.pth
2026-02-24 14:39:12,507 - CAMT - INFO - Epoch 003 | Train Loss: 0.1554 | Val Loss: 0.1808 | Time: 6.21s
2026-02-24 14:39:12,518 - CAMT - INFO -   -> Saved Best Model to saved_models\camt_best.pth
2026-02-24 14:39:18,726 - CAMT - INFO - Epoch 004 | Train Loss: 0.1439 | Val Loss: 0.1795 | Time: 6.21s
2026-02-24 14:39:18,736 - CAMT - INFO -   -> Saved Best Model to saved_models\camt_best.pth
2026-02-24 14:39:24,886 - CAMT - INFO - Epoch 005 | Train Loss: 0.1355 | Val Loss: 0.1778 | Time: 6.15s
2026-02-24 14:39:24,896 - CAMT - INFO -   -> Saved Best Model to saved_models\camt_best.pth
2026-02-24 14:39:30,805 - CAMT - INFO - Epoch 006 | Train Loss: 0.1296 | Val Loss: 0.1794 | Time: 5.91s
2026-02-24 14:39:36,660 - CAMT - INFO - Epoch 007 | Train Loss: 0.1247 | Val Loss: 0.1800 | Time: 5.86s
2026-02-24 14:39:42,518 - CAMT - INFO - Epoch 008 | Train Loss: 0.1210 | Val Loss: 0.1833 | Time: 5.86s
2026-02-24 14:39:48,329 - CAMT - INFO - Epoch 009 | Train Loss: 0.1181 | Val Loss: 0.1818 | Time: 5.81s
2026-02-24 14:39:54,162 - CAMT - INFO - Epoch 010 | Train Loss: 0.1105 | Val Loss: 0.1783 | Time: 5.83s
2026-02-24 14:39:59,894 - CAMT - INFO - Epoch 011 | Train Loss: 0.1087 | Val Loss: 0.1804 | Time: 5.73s
2026-02-24 14:40:06,529 - CAMT - INFO - Epoch 012 | Train Loss: 0.1076 | Val Loss: 0.1813 | Time: 6.64s
2026-02-24 14:40:12,372 - CAMT - INFO - Epoch 013 | Train Loss: 0.1067 | Val Loss: 0.1810 | Time: 5.84s
2026-02-24 14:40:12,372 - CAMT - INFO - [CAMT] Early Stopping triggered at Epoch 13
