2026-02-24 20:44:57,149 - CAMT - INFO - === Starting unified runner for CAMT ===
2026-02-24 20:44:57,716 - CAMT - INFO - [CAMT] Initializing Unified Training Pipeline on cuda
2026-02-24 20:44:57,716 - CAMT - INFO - [CAMT] Calling get_dataloaders...
2026-02-24 20:45:00,784 - CAMT - INFO - [CAMT] Data Loaded: 207 Nodes, 14 Features (Traffic + Context)
2026-02-24 20:45:00,784 - CAMT - INFO - [CAMT] Loading Physical adjacency matrix...
2026-02-24 20:45:01,293 - CAMT - INFO - [CAMT] Building Architecture...
2026-02-24 20:45:02,337 - CAMT - INFO - [CAMT] Starting Training for 60 epochs...
2026-02-24 20:46:43,714 - CAMT - INFO - Epoch 001 | Train Loss: 0.4138 | Val Loss: 0.3565 | Time: 101.38s
2026-02-24 20:46:43,757 - CAMT - INFO -   -> Saved Best Model (+ scaler) to saved_models\camt_best.pth
2026-02-24 20:48:15,053 - CAMT - INFO - Epoch 002 | Train Loss: 0.3846 | Val Loss: 0.3523 | Time: 91.30s
2026-02-24 20:48:15,062 - CAMT - INFO -   -> Saved Best Model (+ scaler) to saved_models\camt_best.pth
2026-02-24 20:49:46,154 - CAMT - INFO - Epoch 003 | Train Loss: 0.3805 | Val Loss: 0.3480 | Time: 91.09s
2026-02-24 20:49:46,166 - CAMT - INFO -   -> Saved Best Model (+ scaler) to saved_models\camt_best.pth
2026-02-24 20:51:17,479 - CAMT - INFO - Epoch 004 | Train Loss: 0.3776 | Val Loss: 0.3458 | Time: 91.31s
2026-02-24 20:51:17,490 - CAMT - INFO -   -> Saved Best Model (+ scaler) to saved_models\camt_best.pth
2026-02-24 20:52:48,831 - CAMT - INFO - Epoch 005 | Train Loss: 0.3753 | Val Loss: 0.3453 | Time: 91.34s
2026-02-24 20:52:48,842 - CAMT - INFO -   -> Saved Best Model (+ scaler) to saved_models\camt_best.pth
2026-02-24 20:54:20,358 - CAMT - INFO - Epoch 006 | Train Loss: 0.3741 | Val Loss: 0.3448 | Time: 91.52s
2026-02-24 20:54:20,367 - CAMT - INFO -   -> Saved Best Model (+ scaler) to saved_models\camt_best.pth
2026-02-24 20:55:52,016 - CAMT - INFO - Epoch 007 | Train Loss: 0.3708 | Val Loss: 0.3474 | Time: 91.65s
2026-02-24 20:57:23,966 - CAMT - INFO - Epoch 008 | Train Loss: 0.3571 | Val Loss: 0.3511 | Time: 91.95s
2026-02-24 20:58:55,622 - CAMT - INFO - Epoch 009 | Train Loss: 0.3516 | Val Loss: 0.3549 | Time: 91.66s
2026-02-24 21:00:26,886 - CAMT - INFO - Epoch 010 | Train Loss: 0.3485 | Val Loss: 0.3613 | Time: 91.26s
2026-02-24 21:01:58,398 - CAMT - INFO - Epoch 011 | Train Loss: 0.3452 | Val Loss: 0.3608 | Time: 91.51s
2026-02-24 21:03:29,663 - CAMT - INFO - Epoch 012 | Train Loss: 0.3432 | Val Loss: 0.3823 | Time: 91.26s
2026-02-24 21:05:00,970 - CAMT - INFO - Epoch 013 | Train Loss: 0.3418 | Val Loss: 0.3859 | Time: 91.31s
2026-02-24 21:06:32,839 - CAMT - INFO - Epoch 014 | Train Loss: 0.3400 | Val Loss: 0.3848 | Time: 91.87s
2026-02-24 21:06:32,840 - CAMT - INFO - [CAMT] Early Stopping triggered at Epoch 14
