2026-02-25 00:09:17,128 - CAMT - INFO - === Starting unified runner for CAMT ===
2026-02-25 00:09:18,677 - CAMT - INFO - [CAMT] Initializing Unified Training Pipeline on cuda
2026-02-25 00:09:18,678 - CAMT - INFO - [CAMT] Calling get_dataloaders...
2026-02-25 00:09:34,842 - CAMT - INFO - [CAMT] Data Loaded: 207 Nodes, 10 Features (Traffic + Context)
2026-02-25 00:09:34,842 - CAMT - INFO - [CAMT] Loading Physical adjacency matrix...
2026-02-25 00:09:34,846 - CAMT - INFO - [CAMT] Building Architecture...
2026-02-25 00:09:35,728 - CAMT - INFO - [CAMT] Starting Training for 60 epochs...
2026-02-25 00:11:04,065 - CAMT - INFO - Epoch 001 | Train Loss: 0.4025 | Val Loss: 0.3562 | Time: 88.33s
2026-02-25 00:11:04,076 - CAMT - INFO -   -> Saved Best Model (+ scaler) to saved_models\camt_best.pth
2026-02-25 00:12:32,753 - CAMT - INFO - Epoch 002 | Train Loss: 0.3859 | Val Loss: 0.3526 | Time: 88.68s
2026-02-25 00:12:32,761 - CAMT - INFO -   -> Saved Best Model (+ scaler) to saved_models\camt_best.pth
2026-02-25 00:14:03,224 - CAMT - INFO - Epoch 003 | Train Loss: 0.3836 | Val Loss: 0.3510 | Time: 90.46s
2026-02-25 00:14:03,234 - CAMT - INFO -   -> Saved Best Model (+ scaler) to saved_models\camt_best.pth
2026-02-25 00:15:34,278 - CAMT - INFO - Epoch 004 | Train Loss: 0.3819 | Val Loss: 0.3496 | Time: 91.04s
2026-02-25 00:15:34,287 - CAMT - INFO -   -> Saved Best Model (+ scaler) to saved_models\camt_best.pth
2026-02-25 00:17:05,323 - CAMT - INFO - Epoch 005 | Train Loss: 0.3807 | Val Loss: 0.3493 | Time: 91.04s
2026-02-25 00:17:05,333 - CAMT - INFO -   -> Saved Best Model (+ scaler) to saved_models\camt_best.pth
2026-02-25 00:18:36,320 - CAMT - INFO - Epoch 006 | Train Loss: 0.3799 | Val Loss: 0.3498 | Time: 90.99s
2026-02-25 00:20:07,304 - CAMT - INFO - Epoch 007 | Train Loss: 0.3743 | Val Loss: 0.3499 | Time: 90.98s
2026-02-25 00:21:38,161 - CAMT - INFO - Epoch 008 | Train Loss: 0.3684 | Val Loss: 0.3528 | Time: 90.86s
2026-02-25 00:23:09,020 - CAMT - INFO - Epoch 009 | Train Loss: 0.3634 | Val Loss: 0.3523 | Time: 90.86s
2026-02-25 00:24:39,940 - CAMT - INFO - Epoch 010 | Train Loss: 0.3608 | Val Loss: 0.3505 | Time: 90.92s
2026-02-25 00:26:10,743 - CAMT - INFO - Epoch 011 | Train Loss: 0.3598 | Val Loss: 0.3506 | Time: 90.80s
2026-02-25 00:27:41,657 - CAMT - INFO - Epoch 012 | Train Loss: 0.3595 | Val Loss: 0.3528 | Time: 90.91s
2026-02-25 00:29:12,543 - CAMT - INFO - Epoch 013 | Train Loss: 0.3587 | Val Loss: 0.3536 | Time: 90.89s
2026-02-25 00:29:12,543 - CAMT - INFO - [CAMT] Early Stopping triggered at Epoch 13
