2026-02-25 18:29:34,886 - HB_Ensemble - INFO - Inverse MAE^2 Ensemble on cuda
2026-02-25 18:29:36,173 - HB_Ensemble - INFO - Loading CADGT...
2026-02-25 18:29:36,199 - HB_Ensemble - INFO -   CADGT: val_MAE = 0.2143, scaler(mean=58.4352, std=13.0981)
2026-02-25 18:29:36,199 - HB_Ensemble - INFO - Loading CAMT...
2026-02-25 18:29:36,219 - HB_Ensemble - INFO -   CAMT: val_MAE = 0.2379, scaler(mean=58.4352, std=13.0981)
2026-02-25 18:29:36,220 - HB_Ensemble - INFO - Loading AMC_DSTGNN...
2026-02-25 18:29:36,250 - HB_Ensemble - INFO -   AMC_DSTGNN: val_MAE = 0.2351, scaler(mean=58.4352, std=13.0981)
2026-02-25 18:29:36,252 - HB_Ensemble - INFO - Loading ST_ACENet...
2026-02-25 18:29:36,259 - HB_Ensemble - INFO -   ST_ACENet: val_MAE = 0.2405, scaler(mean=58.4352, std=13.0981)
2026-02-25 18:29:36,380 - HB_Ensemble - INFO - Getting validation MAEs per horizon for CADGT...
2026-02-25 18:29:40,203 - HB_Ensemble - INFO - Getting validation MAEs per horizon for CAMT...
2026-02-25 18:29:47,906 - HB_Ensemble - INFO - Getting validation MAEs per horizon for AMC_DSTGNN...
2026-02-25 18:29:50,033 - HB_Ensemble - INFO - Getting validation MAEs per horizon for ST_ACENet...
2026-02-25 18:29:50,966 - HB_Ensemble - INFO - ================================================================================
2026-02-25 18:29:50,967 - HB_Ensemble - INFO - Horizon-Based Weight Computation (Inverse MAE^2)
2026-02-25 18:29:50,967 - HB_Ensemble - INFO - ================================================================================
2026-02-25 18:29:50,967 - HB_Ensemble - INFO - 
--- 5-min (Horizon 1) Weights ---
2026-02-25 18:29:50,967 - HB_Ensemble - INFO - CADGT           Val MAE: 2.0635 | Weight: 0.2753
2026-02-25 18:29:50,967 - HB_Ensemble - INFO - CAMT            Val MAE: 2.4460 | Weight: 0.1959
2026-02-25 18:29:50,967 - HB_Ensemble - INFO - AMC_DSTGNN      Val MAE: 2.0855 | Weight: 0.2695
2026-02-25 18:29:50,967 - HB_Ensemble - INFO - ST_ACENet       Val MAE: 2.1262 | Weight: 0.2593
2026-02-25 18:29:50,967 - HB_Ensemble - INFO - 
--- 15-min (Horizon 3) Weights ---
2026-02-25 18:29:50,967 - HB_Ensemble - INFO - CADGT           Val MAE: 2.4864 | Weight: 0.2760
2026-02-25 18:29:50,967 - HB_Ensemble - INFO - CAMT            Val MAE: 2.7295 | Weight: 0.2291
2026-02-25 18:29:50,967 - HB_Ensemble - INFO - AMC_DSTGNN      Val MAE: 2.5921 | Weight: 0.2540
2026-02-25 18:29:50,967 - HB_Ensemble - INFO - ST_ACENet       Val MAE: 2.6615 | Weight: 0.2409
2026-02-25 18:29:50,967 - HB_Ensemble - INFO - 
--- 30-min (Horizon 6) Weights ---
2026-02-25 18:29:50,967 - HB_Ensemble - INFO - CADGT           Val MAE: 2.8439 | Weight: 0.2847
2026-02-25 18:29:50,967 - HB_Ensemble - INFO - CAMT            Val MAE: 3.0698 | Weight: 0.2443
2026-02-25 18:29:50,967 - HB_Ensemble - INFO - AMC_DSTGNN      Val MAE: 3.0883 | Weight: 0.2414
2026-02-25 18:29:50,967 - HB_Ensemble - INFO - ST_ACENet       Val MAE: 3.1670 | Weight: 0.2296
2026-02-25 18:29:50,967 - HB_Ensemble - INFO - 
--- 60-min (Horizon 12) Weights ---
2026-02-25 18:29:50,967 - HB_Ensemble - INFO - CADGT           Val MAE: 3.2613 | Weight: 0.3103
2026-02-25 18:29:50,967 - HB_Ensemble - INFO - CAMT            Val MAE: 3.7254 | Weight: 0.2378
2026-02-25 18:29:50,967 - HB_Ensemble - INFO - AMC_DSTGNN      Val MAE: 3.7808 | Weight: 0.2309
2026-02-25 18:29:50,967 - HB_Ensemble - INFO - ST_ACENet       Val MAE: 3.8645 | Weight: 0.2210
2026-02-25 18:29:50,967 - HB_Ensemble - INFO - ================================================================================
2026-02-25 18:29:50,967 - HB_Ensemble - INFO - Running inference for CADGT...
2026-02-25 18:29:58,299 - HB_Ensemble - INFO - Running inference for CAMT...
2026-02-25 18:30:14,900 - HB_Ensemble - INFO - Running inference for AMC_DSTGNN...
2026-02-25 18:30:19,006 - HB_Ensemble - INFO - Running inference for ST_ACENet...
2026-02-25 18:30:21,324 - HB_Ensemble - INFO - 
==========================================================================================
2026-02-25 18:30:21,325 - HB_Ensemble - INFO - MULTI-HORIZON COMPARISON: Individual Models vs. Horizon-Based Ensemble
2026-02-25 18:30:21,325 - HB_Ensemble - INFO - ==========================================================================================
2026-02-25 18:30:21,543 - HB_Ensemble - INFO - 
----------------------------------------------------------------------
2026-02-25 18:30:21,543 - HB_Ensemble - INFO -   5-MINUTE HORIZON
2026-02-25 18:30:21,543 - HB_Ensemble - INFO - ----------------------------------------------------------------------
2026-02-25 18:30:21,544 - HB_Ensemble - INFO -   Model                   MAE     RMSE  MAPE(%)
2026-02-25 18:30:21,544 - HB_Ensemble - INFO -   ------------------ -------- -------- --------
2026-02-25 18:30:21,544 - HB_Ensemble - INFO -   CADGT                2.1287   3.7842     5.18
2026-02-25 18:30:21,544 - HB_Ensemble - INFO -   CAMT                 2.5712   4.5399     6.91
2026-02-25 18:30:21,544 - HB_Ensemble - INFO -   AMC_DSTGNN           2.1470   3.8145     5.18
2026-02-25 18:30:21,544 - HB_Ensemble - INFO -   ST_ACENet            2.1929   3.8582     5.40
2026-02-25 18:30:21,544 - HB_Ensemble - INFO -   ------------------ -------- -------- --------
2026-02-25 18:30:21,544 - HB_Ensemble - INFO -   * HB_Ensemble        2.1243   3.7468     5.25
2026-02-25 18:30:21,544 - HB_Ensemble - INFO - 
----------------------------------------------------------------------
2026-02-25 18:30:21,544 - HB_Ensemble - INFO -   15-MINUTE HORIZON
2026-02-25 18:30:21,544 - HB_Ensemble - INFO - ----------------------------------------------------------------------
2026-02-25 18:30:21,544 - HB_Ensemble - INFO -   Model                   MAE     RMSE  MAPE(%)
2026-02-25 18:30:21,544 - HB_Ensemble - INFO -   ------------------ -------- -------- --------
2026-02-25 18:30:21,544 - HB_Ensemble - INFO -   CADGT                2.5976   5.1389     6.88
2026-02-25 18:30:21,545 - HB_Ensemble - INFO -   CAMT                 2.8980   5.4836     8.10
2026-02-25 18:30:21,545 - HB_Ensemble - INFO -   AMC_DSTGNN           2.7245   5.3423     7.24
2026-02-25 18:30:21,545 - HB_Ensemble - INFO -   ST_ACENet            2.8008   5.3701     7.60
2026-02-25 18:30:21,545 - HB_Ensemble - INFO -   ------------------ -------- -------- --------
2026-02-25 18:30:21,545 - HB_Ensemble - INFO -   * HB_Ensemble        2.6390   5.1253     7.12
2026-02-25 18:30:21,545 - HB_Ensemble - INFO - 
----------------------------------------------------------------------
2026-02-25 18:30:21,545 - HB_Ensemble - INFO -   30-MINUTE HORIZON
2026-02-25 18:30:21,545 - HB_Ensemble - INFO - ----------------------------------------------------------------------
2026-02-25 18:30:21,545 - HB_Ensemble - INFO -   Model                   MAE     RMSE  MAPE(%)
2026-02-25 18:30:21,545 - HB_Ensemble - INFO -   ------------------ -------- -------- --------
2026-02-25 18:30:21,545 - HB_Ensemble - INFO -   CADGT                3.0022   6.2028     8.71
2026-02-25 18:30:21,545 - HB_Ensemble - INFO -   CAMT                 3.2917   6.4261     9.57
2026-02-25 18:30:21,545 - HB_Ensemble - INFO -   AMC_DSTGNN           3.2990   6.6045     9.46
2026-02-25 18:30:21,545 - HB_Ensemble - INFO -   ST_ACENet            3.3850   6.5905     9.83
2026-02-25 18:30:21,545 - HB_Ensemble - INFO -   ------------------ -------- -------- --------
2026-02-25 18:30:21,545 - HB_Ensemble - INFO -   * HB_Ensemble        3.1163   6.1674     9.07
2026-02-25 18:30:21,545 - HB_Ensemble - INFO - 
----------------------------------------------------------------------
2026-02-25 18:30:21,545 - HB_Ensemble - INFO -   60-MINUTE HORIZON
2026-02-25 18:30:21,545 - HB_Ensemble - INFO - ----------------------------------------------------------------------
2026-02-25 18:30:21,545 - HB_Ensemble - INFO -   Model                   MAE     RMSE  MAPE(%)
2026-02-25 18:30:21,545 - HB_Ensemble - INFO -   ------------------ -------- -------- --------
2026-02-25 18:30:21,545 - HB_Ensemble - INFO -   CADGT                3.4693   7.2797    10.74
2026-02-25 18:30:21,545 - HB_Ensemble - INFO -   CAMT                 4.0374   7.7934    12.14
2026-02-25 18:30:21,546 - HB_Ensemble - INFO -   AMC_DSTGNN           4.1152   8.0952    12.71
2026-02-25 18:30:21,546 - HB_Ensemble - INFO -   ST_ACENet            4.2219   8.0775    13.09
2026-02-25 18:30:21,546 - HB_Ensemble - INFO -   ------------------ -------- -------- --------
2026-02-25 18:30:21,546 - HB_Ensemble - INFO -   * HB_Ensemble        3.7425   7.2921    11.63
2026-02-25 18:30:21,546 - HB_Ensemble - INFO - 
======================================================================
2026-02-25 18:30:21,546 - HB_Ensemble - INFO - VERDICT
2026-02-25 18:30:21,546 - HB_Ensemble - INFO - ======================================================================
2026-02-25 18:30:21,546 - HB_Ensemble - INFO -   Best individual 60-min MAE : 3.4693
2026-02-25 18:30:21,546 - HB_Ensemble - INFO -   HB Ensemble 60-min MAE     : 3.7425
2026-02-25 18:30:21,546 - HB_Ensemble - INFO -   [-] Ensemble is 7.87% worse (consider tuning weights or removing weak models)
2026-02-25 18:30:21,546 - HB_Ensemble - INFO - ======================================================================
