2026-02-24 18:26:13,152 - ST_ACENet - INFO - === Starting unified runner for ST_ACENet ===
2026-02-24 18:26:13,693 - ST_ACENet - INFO - [ST_ACENet] Initializing Unified Training Pipeline on cuda
2026-02-24 18:26:13,693 - ST_ACENet - INFO - [ST_ACENet] Calling get_dataloaders...
2026-02-24 18:26:17,738 - ST_ACENet - INFO - [ST_ACENet] Data Loaded: 207 Nodes, 14 Features (Traffic + Context)
2026-02-24 18:26:17,738 - ST_ACENet - INFO - [ST_ACENet] Loading Physical adjacency matrix...
2026-02-24 18:26:18,268 - ST_ACENet - INFO - [ST_ACENet] Building Architecture...
2026-02-24 18:26:20,416 - ST_ACENet - INFO - [ST_ACENet] Starting Training for 60 epochs...
2026-02-24 18:26:38,672 - ST_ACENet - INFO - Epoch 001 | Train Loss: -0.1676 | Val Loss: -0.2484 | Time: 18.26s
2026-02-24 18:26:38,683 - ST_ACENet - INFO -   -> Saved Best Model to saved_models\st_acenet_best.pth
2026-02-24 18:26:55,091 - ST_ACENet - INFO - Epoch 002 | Train Loss: -0.2047 | Val Loss: -0.2669 | Time: 16.41s
2026-02-24 18:26:55,098 - ST_ACENet - INFO -   -> Saved Best Model to saved_models\st_acenet_best.pth
2026-02-24 18:27:11,954 - ST_ACENet - INFO - Epoch 003 | Train Loss: -0.2263 | Val Loss: -0.2850 | Time: 16.86s
2026-02-24 18:27:11,961 - ST_ACENet - INFO -   -> Saved Best Model to saved_models\st_acenet_best.pth
2026-02-24 18:27:28,891 - ST_ACENet - INFO - Epoch 004 | Train Loss: -0.2425 | Val Loss: -0.2763 | Time: 16.93s
2026-02-24 18:27:46,081 - ST_ACENet - INFO - Epoch 005 | Train Loss: -0.2569 | Val Loss: -0.2896 | Time: 17.19s
2026-02-24 18:27:46,086 - ST_ACENet - INFO -   -> Saved Best Model to saved_models\st_acenet_best.pth
2026-02-24 18:28:03,331 - ST_ACENet - INFO - Epoch 006 | Train Loss: -0.2816 | Val Loss: -0.3013 | Time: 17.24s
2026-02-24 18:28:03,340 - ST_ACENet - INFO -   -> Saved Best Model to saved_models\st_acenet_best.pth
2026-02-24 18:28:20,533 - ST_ACENet - INFO - Epoch 007 | Train Loss: -0.2924 | Val Loss: -0.2979 | Time: 17.19s
2026-02-24 18:28:38,099 - ST_ACENet - INFO - Epoch 008 | Train Loss: -0.3088 | Val Loss: -0.3063 | Time: 17.57s
2026-02-24 18:28:38,111 - ST_ACENet - INFO -   -> Saved Best Model to saved_models\st_acenet_best.pth
2026-02-24 18:28:56,071 - ST_ACENet - INFO - Epoch 009 | Train Loss: -0.3232 | Val Loss: -0.1705 | Time: 17.96s
2026-02-24 18:29:10,939 - ST_ACENet - INFO - Epoch 010 | Train Loss: -0.3285 | Val Loss: -0.2847 | Time: 14.87s
2026-02-24 18:29:26,913 - ST_ACENet - INFO - Epoch 011 | Train Loss: -0.3464 | Val Loss: -0.2982 | Time: 15.97s
2026-02-24 18:29:46,192 - ST_ACENet - INFO - Epoch 012 | Train Loss: -0.3505 | Val Loss: -0.1987 | Time: 19.28s
2026-02-24 18:30:08,009 - ST_ACENet - INFO - Epoch 013 | Train Loss: -0.2456 | Val Loss: 0.0738 | Time: 21.82s
2026-02-24 18:30:26,916 - ST_ACENet - INFO - Epoch 014 | Train Loss: -0.3977 | Val Loss: -0.1160 | Time: 18.91s
2026-02-24 18:30:47,833 - ST_ACENet - INFO - Epoch 015 | Train Loss: -0.3958 | Val Loss: -0.0273 | Time: 20.92s
2026-02-24 18:31:09,051 - ST_ACENet - INFO - Epoch 016 | Train Loss: -0.4070 | Val Loss: -0.2695 | Time: 21.22s
2026-02-24 18:31:09,054 - ST_ACENet - INFO - [ST_ACENet] Early Stopping triggered at Epoch 16
