2026-02-24 16:09:59,215 - ST_ACENet - INFO - === Starting unified runner for ST_ACENet ===
2026-02-24 16:10:00,774 - ST_ACENet - INFO - [ST_ACENet] Initializing Unified Training Pipeline on cuda
2026-02-24 16:10:00,774 - ST_ACENet - INFO - [ST_ACENet] Calling get_dataloaders...
2026-02-24 16:10:04,088 - ST_ACENet - INFO - [ST_ACENet] Data Loaded: 207 Nodes, 14 Features (Traffic + Context)
2026-02-24 16:10:04,088 - ST_ACENet - INFO - [ST_ACENet] Loading Physical adjacency matrix...
2026-02-24 16:10:04,593 - ST_ACENet - INFO - [ST_ACENet] Building Architecture...
2026-02-24 16:10:05,738 - ST_ACENet - INFO - [ST_ACENet] Starting Training for 60 epochs...
2026-02-24 16:10:17,062 - ST_ACENet - INFO - Epoch 001 | Train Loss: -0.1690 | Val Loss: -0.2354 | Time: 11.32s
2026-02-24 16:10:17,065 - ST_ACENet - INFO -   -> Saved Best Model to saved_models\st_acenet_best.pth
2026-02-24 16:10:28,023 - ST_ACENet - INFO - Epoch 002 | Train Loss: -0.2014 | Val Loss: -0.2583 | Time: 10.96s
2026-02-24 16:10:28,028 - ST_ACENet - INFO -   -> Saved Best Model to saved_models\st_acenet_best.pth
2026-02-24 16:10:38,957 - ST_ACENet - INFO - Epoch 003 | Train Loss: -0.2238 | Val Loss: -0.2657 | Time: 10.93s
2026-02-24 16:10:38,961 - ST_ACENet - INFO -   -> Saved Best Model to saved_models\st_acenet_best.pth
2026-02-24 16:10:49,951 - ST_ACENet - INFO - Epoch 004 | Train Loss: -0.2476 | Val Loss: -0.2727 | Time: 10.99s
2026-02-24 16:10:49,951 - ST_ACENet - INFO -   -> Saved Best Model to saved_models\st_acenet_best.pth
2026-02-24 16:11:01,000 - ST_ACENet - INFO - Epoch 005 | Train Loss: -0.2707 | Val Loss: -0.2772 | Time: 11.05s
2026-02-24 16:11:01,004 - ST_ACENet - INFO -   -> Saved Best Model to saved_models\st_acenet_best.pth
2026-02-24 16:11:12,138 - ST_ACENet - INFO - Epoch 006 | Train Loss: -0.2879 | Val Loss: -0.2700 | Time: 11.13s
2026-02-24 16:11:23,338 - ST_ACENet - INFO - Epoch 007 | Train Loss: -0.3004 | Val Loss: -0.2661 | Time: 11.20s
2026-02-24 16:11:34,630 - ST_ACENet - INFO - Epoch 008 | Train Loss: -0.3191 | Val Loss: -0.2706 | Time: 11.29s
2026-02-24 16:11:46,398 - ST_ACENet - INFO - Epoch 009 | Train Loss: -0.3263 | Val Loss: -0.2899 | Time: 11.77s
2026-02-24 16:11:46,403 - ST_ACENet - INFO -   -> Saved Best Model to saved_models\st_acenet_best.pth
2026-02-24 16:11:59,086 - ST_ACENet - INFO - Epoch 010 | Train Loss: -0.3477 | Val Loss: -0.2848 | Time: 12.68s
2026-02-24 16:12:13,280 - ST_ACENet - INFO - Epoch 011 | Train Loss: -0.3432 | Val Loss: -0.2946 | Time: 14.19s
2026-02-24 16:12:13,289 - ST_ACENet - INFO -   -> Saved Best Model to saved_models\st_acenet_best.pth
2026-02-24 16:12:31,656 - ST_ACENet - INFO - Epoch 012 | Train Loss: -0.3665 | Val Loss: -0.2915 | Time: 18.37s
2026-02-24 16:12:50,944 - ST_ACENet - INFO - Epoch 013 | Train Loss: -0.3581 | Val Loss: -0.2809 | Time: 19.29s
2026-02-24 16:13:10,991 - ST_ACENet - INFO - Epoch 014 | Train Loss: -0.3798 | Val Loss: -0.2849 | Time: 20.04s
2026-02-24 16:13:32,694 - ST_ACENet - INFO - Epoch 015 | Train Loss: -0.3683 | Val Loss: -0.2723 | Time: 21.70s
2026-02-24 16:13:54,096 - ST_ACENet - INFO - Epoch 016 | Train Loss: -0.2680 | Val Loss: -0.2977 | Time: 21.40s
2026-02-24 16:13:54,104 - ST_ACENet - INFO -   -> Saved Best Model to saved_models\st_acenet_best.pth
2026-02-24 16:14:19,286 - ST_ACENet - INFO - Epoch 017 | Train Loss: -0.4235 | Val Loss: -0.2883 | Time: 25.18s
2026-02-24 16:14:45,202 - ST_ACENet - INFO - Epoch 018 | Train Loss: -0.4077 | Val Loss: -0.2895 | Time: 25.91s
2026-02-24 16:15:14,674 - ST_ACENet - INFO - Epoch 019 | Train Loss: -0.4355 | Val Loss: -0.2830 | Time: 29.47s
2026-02-24 16:15:44,341 - ST_ACENet - INFO - Epoch 020 | Train Loss: -0.2957 | Val Loss: -0.2783 | Time: 29.67s
2026-02-24 16:16:15,831 - ST_ACENet - INFO - Epoch 021 | Train Loss: -0.4565 | Val Loss: -0.2706 | Time: 31.49s
2026-02-24 16:16:46,442 - ST_ACENet - INFO - Epoch 022 | Train Loss: -0.4593 | Val Loss: -0.2801 | Time: 30.61s
2026-02-24 16:17:16,795 - ST_ACENet - INFO - Epoch 023 | Train Loss: -0.4681 | Val Loss: -0.2734 | Time: 30.35s
2026-02-24 16:17:50,525 - ST_ACENet - INFO - Epoch 024 | Train Loss: -0.4760 | Val Loss: -0.2681 | Time: 33.73s
2026-02-24 16:17:50,525 - ST_ACENet - INFO - [ST_ACENet] Early Stopping triggered at Epoch 24
