2026-02-24 20:39:34,761 - ST_ACENet - INFO - === Starting unified runner for ST_ACENet ===
2026-02-24 20:39:36,406 - ST_ACENet - INFO - [ST_ACENet] Initializing Unified Training Pipeline on cuda
2026-02-24 20:39:36,406 - ST_ACENet - INFO - [ST_ACENet] Calling get_dataloaders...
2026-02-24 20:39:39,999 - ST_ACENet - INFO - [ST_ACENet] Data Loaded: 207 Nodes, 14 Features (Traffic + Context)
2026-02-24 20:39:39,999 - ST_ACENet - INFO - [ST_ACENet] Loading Physical adjacency matrix...
2026-02-24 20:39:40,571 - ST_ACENet - INFO - [ST_ACENet] Building Architecture...
2026-02-24 20:39:42,334 - ST_ACENet - INFO - [ST_ACENet] Starting Training for 60 epochs...
2026-02-24 20:39:53,752 - ST_ACENet - INFO - Epoch 001 | Train Loss: -0.1627 | Val Loss: -0.2309 | Time: 11.42s
2026-02-24 20:39:53,761 - ST_ACENet - INFO -   -> Saved Best Model (+ scaler) to saved_models\st_acenet_best.pth
2026-02-24 20:40:04,347 - ST_ACENet - INFO - Epoch 002 | Train Loss: -0.2024 | Val Loss: -0.2561 | Time: 10.59s
2026-02-24 20:40:04,350 - ST_ACENet - INFO -   -> Saved Best Model (+ scaler) to saved_models\st_acenet_best.pth
2026-02-24 20:40:14,970 - ST_ACENet - INFO - Epoch 003 | Train Loss: -0.2271 | Val Loss: -0.2734 | Time: 10.62s
2026-02-24 20:40:14,973 - ST_ACENet - INFO -   -> Saved Best Model (+ scaler) to saved_models\st_acenet_best.pth
2026-02-24 20:40:25,628 - ST_ACENet - INFO - Epoch 004 | Train Loss: -0.2426 | Val Loss: -0.2839 | Time: 10.66s
2026-02-24 20:40:25,632 - ST_ACENet - INFO -   -> Saved Best Model (+ scaler) to saved_models\st_acenet_best.pth
2026-02-24 20:40:36,184 - ST_ACENet - INFO - Epoch 005 | Train Loss: -0.2642 | Val Loss: -0.2879 | Time: 10.55s
2026-02-24 20:40:36,187 - ST_ACENet - INFO -   -> Saved Best Model (+ scaler) to saved_models\st_acenet_best.pth
2026-02-24 20:40:46,534 - ST_ACENet - INFO - Epoch 006 | Train Loss: -0.2833 | Val Loss: -0.2950 | Time: 10.35s
2026-02-24 20:40:46,539 - ST_ACENet - INFO -   -> Saved Best Model (+ scaler) to saved_models\st_acenet_best.pth
2026-02-24 20:40:56,915 - ST_ACENet - INFO - Epoch 007 | Train Loss: -0.2981 | Val Loss: -0.2903 | Time: 10.38s
2026-02-24 20:41:07,236 - ST_ACENet - INFO - Epoch 008 | Train Loss: -0.3124 | Val Loss: -0.2878 | Time: 10.32s
2026-02-24 20:41:17,603 - ST_ACENet - INFO - Epoch 009 | Train Loss: -0.3198 | Val Loss: -0.3159 | Time: 10.37s
2026-02-24 20:41:17,607 - ST_ACENet - INFO -   -> Saved Best Model (+ scaler) to saved_models\st_acenet_best.pth
2026-02-24 20:41:28,042 - ST_ACENet - INFO - Epoch 010 | Train Loss: -0.3318 | Val Loss: -0.3116 | Time: 10.43s
2026-02-24 20:41:38,450 - ST_ACENet - INFO - Epoch 011 | Train Loss: -0.3369 | Val Loss: -0.2975 | Time: 10.41s
2026-02-24 20:41:48,905 - ST_ACENet - INFO - Epoch 012 | Train Loss: -0.3472 | Val Loss: -0.2943 | Time: 10.45s
2026-02-24 20:41:59,331 - ST_ACENet - INFO - Epoch 013 | Train Loss: -0.3531 | Val Loss: -0.3103 | Time: 10.43s
2026-02-24 20:42:09,741 - ST_ACENet - INFO - Epoch 014 | Train Loss: -0.3654 | Val Loss: -0.3068 | Time: 10.41s
2026-02-24 20:42:20,186 - ST_ACENet - INFO - Epoch 015 | Train Loss: -0.3684 | Val Loss: -0.3090 | Time: 10.44s
2026-02-24 20:42:30,636 - ST_ACENet - INFO - Epoch 016 | Train Loss: -0.3734 | Val Loss: -0.3188 | Time: 10.45s
2026-02-24 20:42:30,640 - ST_ACENet - INFO -   -> Saved Best Model (+ scaler) to saved_models\st_acenet_best.pth
2026-02-24 20:42:41,046 - ST_ACENet - INFO - Epoch 017 | Train Loss: -0.3768 | Val Loss: -0.3114 | Time: 10.40s
2026-02-24 20:42:51,480 - ST_ACENet - INFO - Epoch 018 | Train Loss: -0.3787 | Val Loss: -0.3046 | Time: 10.43s
2026-02-24 20:43:01,947 - ST_ACENet - INFO - Epoch 019 | Train Loss: -0.3817 | Val Loss: -0.3201 | Time: 10.47s
2026-02-24 20:43:01,951 - ST_ACENet - INFO -   -> Saved Best Model (+ scaler) to saved_models\st_acenet_best.pth
2026-02-24 20:43:12,670 - ST_ACENet - INFO - Epoch 020 | Train Loss: -0.3857 | Val Loss: -0.3138 | Time: 10.72s
2026-02-24 20:43:23,472 - ST_ACENet - INFO - Epoch 021 | Train Loss: -0.3883 | Val Loss: -0.3174 | Time: 10.80s
2026-02-24 20:43:34,120 - ST_ACENet - INFO - Epoch 022 | Train Loss: -0.3903 | Val Loss: -0.3142 | Time: 10.65s
2026-02-24 20:43:44,803 - ST_ACENet - INFO - Epoch 023 | Train Loss: -0.3916 | Val Loss: -0.3168 | Time: 10.68s
2026-02-24 20:43:55,646 - ST_ACENet - INFO - Epoch 024 | Train Loss: -0.3986 | Val Loss: -0.3127 | Time: 10.84s
2026-02-24 20:44:07,226 - ST_ACENet - INFO - Epoch 025 | Train Loss: -0.4000 | Val Loss: -0.3154 | Time: 11.58s
2026-02-24 20:44:18,705 - ST_ACENet - INFO - Epoch 026 | Train Loss: -0.4008 | Val Loss: -0.3111 | Time: 11.48s
2026-02-24 20:44:29,513 - ST_ACENet - INFO - Epoch 027 | Train Loss: -0.4024 | Val Loss: -0.3100 | Time: 10.81s
2026-02-24 20:44:29,513 - ST_ACENet - INFO - [ST_ACENet] Early Stopping triggered at Epoch 27
