2026-02-24 19:13:30,546 - ST_ACENet - INFO - === Starting unified runner for ST_ACENet ===
2026-02-24 19:13:32,108 - ST_ACENet - INFO - [ST_ACENet] Initializing Unified Training Pipeline on cuda
2026-02-24 19:13:32,108 - ST_ACENet - INFO - [ST_ACENet] Calling get_dataloaders...
2026-02-24 19:13:35,087 - ST_ACENet - INFO - [ST_ACENet] Data Loaded: 207 Nodes, 14 Features (Traffic + Context)
2026-02-24 19:13:35,087 - ST_ACENet - INFO - [ST_ACENet] Loading Physical adjacency matrix...
2026-02-24 19:13:35,588 - ST_ACENet - INFO - [ST_ACENet] Building Architecture...
2026-02-24 19:13:36,772 - ST_ACENet - INFO - [ST_ACENet] Starting Training for 60 epochs...
2026-02-24 19:13:47,724 - ST_ACENet - INFO - Epoch 001 | Train Loss: -0.1688 | Val Loss: -0.2522 | Time: 10.95s
2026-02-24 19:13:47,730 - ST_ACENet - INFO -   -> Saved Best Model to saved_models\st_acenet_best.pth
2026-02-24 19:13:58,650 - ST_ACENet - INFO - Epoch 002 | Train Loss: -0.2060 | Val Loss: -0.2697 | Time: 10.92s
2026-02-24 19:13:58,652 - ST_ACENet - INFO -   -> Saved Best Model to saved_models\st_acenet_best.pth
2026-02-24 19:14:10,108 - ST_ACENet - INFO - Epoch 003 | Train Loss: -0.2294 | Val Loss: -0.2750 | Time: 11.46s
2026-02-24 19:14:10,112 - ST_ACENet - INFO -   -> Saved Best Model to saved_models\st_acenet_best.pth
2026-02-24 19:14:22,690 - ST_ACENet - INFO - Epoch 004 | Train Loss: -0.2526 | Val Loss: -0.2871 | Time: 12.58s
2026-02-24 19:14:22,694 - ST_ACENet - INFO -   -> Saved Best Model to saved_models\st_acenet_best.pth
2026-02-24 19:14:35,336 - ST_ACENet - INFO - Epoch 005 | Train Loss: -0.2665 | Val Loss: -0.2832 | Time: 12.64s
2026-02-24 19:14:49,068 - ST_ACENet - INFO - Epoch 006 | Train Loss: -0.2856 | Val Loss: -0.2981 | Time: 13.73s
2026-02-24 19:14:49,077 - ST_ACENet - INFO -   -> Saved Best Model to saved_models\st_acenet_best.pth
2026-02-24 19:15:03,733 - ST_ACENet - INFO - Epoch 007 | Train Loss: -0.3035 | Val Loss: -0.2944 | Time: 14.66s
2026-02-24 19:15:18,912 - ST_ACENet - INFO - Epoch 008 | Train Loss: -0.3156 | Val Loss: -0.2939 | Time: 15.18s
2026-02-24 19:15:34,138 - ST_ACENet - INFO - Epoch 009 | Train Loss: -0.3301 | Val Loss: -0.2938 | Time: 15.23s
2026-02-24 19:15:48,823 - ST_ACENet - INFO - Epoch 010 | Train Loss: -0.3232 | Val Loss: -0.3009 | Time: 14.68s
2026-02-24 19:15:48,829 - ST_ACENet - INFO -   -> Saved Best Model to saved_models\st_acenet_best.pth
2026-02-24 19:16:04,187 - ST_ACENet - INFO - Epoch 011 | Train Loss: -0.3496 | Val Loss: -0.3095 | Time: 15.36s
2026-02-24 19:16:04,204 - ST_ACENet - INFO -   -> Saved Best Model to saved_models\st_acenet_best.pth
2026-02-24 19:16:20,056 - ST_ACENet - INFO - Epoch 012 | Train Loss: -0.3489 | Val Loss: -0.3055 | Time: 15.85s
2026-02-24 19:16:36,116 - ST_ACENet - INFO - Epoch 013 | Train Loss: -0.2777 | Val Loss: 2.4242 | Time: 16.06s
2026-02-24 19:16:50,861 - ST_ACENet - INFO - Epoch 014 | Train Loss: -0.3589 | Val Loss: -0.1941 | Time: 14.75s
2026-02-24 19:17:06,450 - ST_ACENet - INFO - Epoch 015 | Train Loss: -0.3837 | Val Loss: -0.3174 | Time: 15.59s
2026-02-24 19:17:06,457 - ST_ACENet - INFO -   -> Saved Best Model to saved_models\st_acenet_best.pth
2026-02-24 19:17:23,618 - ST_ACENet - INFO - Epoch 016 | Train Loss: -0.3922 | Val Loss: 0.8826 | Time: 17.16s
2026-02-24 19:17:40,130 - ST_ACENet - INFO - Epoch 017 | Train Loss: -0.3539 | Val Loss: -0.3137 | Time: 16.51s
2026-02-24 19:17:54,167 - ST_ACENet - INFO - Epoch 018 | Train Loss: -0.3839 | Val Loss: -0.3098 | Time: 14.03s
2026-02-24 19:18:11,840 - ST_ACENet - INFO - Epoch 019 | Train Loss: -0.4003 | Val Loss: 4.1006 | Time: 17.67s
2026-02-24 19:18:27,656 - ST_ACENet - INFO - Epoch 020 | Train Loss: -0.4560 | Val Loss: -0.3130 | Time: 15.82s
2026-02-24 19:18:42,195 - ST_ACENet - INFO - Epoch 021 | Train Loss: -0.1704 | Val Loss: 0.6062 | Time: 14.54s
2026-02-24 19:18:59,030 - ST_ACENet - INFO - Epoch 022 | Train Loss: -0.3511 | Val Loss: 0.2558 | Time: 16.83s
2026-02-24 19:19:17,506 - ST_ACENet - INFO - Epoch 023 | Train Loss: -0.4595 | Val Loss: -0.3117 | Time: 18.48s
2026-02-24 19:19:17,506 - ST_ACENet - INFO - [ST_ACENet] Early Stopping triggered at Epoch 23
