2026-02-25 00:42:03,946 - ST_ACENet - INFO - === Starting unified runner for ST_ACENet ===
2026-02-25 00:42:04,431 - ST_ACENet - INFO - [ST_ACENet] Initializing Unified Training Pipeline on cuda
2026-02-25 00:42:04,431 - ST_ACENet - INFO - [ST_ACENet] Calling get_dataloaders...
2026-02-25 00:42:07,528 - ST_ACENet - INFO - [ST_ACENet] Data Loaded: 207 Nodes, 10 Features (Traffic + Context)
2026-02-25 00:42:07,528 - ST_ACENet - INFO - [ST_ACENet] Loading Physical adjacency matrix...
2026-02-25 00:42:07,535 - ST_ACENet - INFO - [ST_ACENet] Building Architecture...
2026-02-25 00:42:08,247 - ST_ACENet - INFO - [ST_ACENet] Starting Training for 60 epochs...
2026-02-25 00:42:17,433 - ST_ACENet - INFO - Epoch 001 | Train Loss: -0.1209 | Val Loss: -0.3802 | Time: 9.19s
2026-02-25 00:42:17,439 - ST_ACENet - INFO -   -> Saved Best Model (+ scaler) to saved_models\st_acenet_best.pth
2026-02-25 00:42:26,240 - ST_ACENet - INFO - Epoch 002 | Train Loss: -0.3295 | Val Loss: -0.4537 | Time: 8.80s
2026-02-25 00:42:26,244 - ST_ACENet - INFO -   -> Saved Best Model (+ scaler) to saved_models\st_acenet_best.pth
2026-02-25 00:42:34,896 - ST_ACENet - INFO - Epoch 003 | Train Loss: -0.3942 | Val Loss: -0.4611 | Time: 8.65s
2026-02-25 00:42:34,901 - ST_ACENet - INFO -   -> Saved Best Model (+ scaler) to saved_models\st_acenet_best.pth
2026-02-25 00:42:43,507 - ST_ACENet - INFO - Epoch 004 | Train Loss: -0.4210 | Val Loss: -0.5005 | Time: 8.61s
2026-02-25 00:42:43,510 - ST_ACENet - INFO -   -> Saved Best Model (+ scaler) to saved_models\st_acenet_best.pth
2026-02-25 00:42:52,109 - ST_ACENet - INFO - Epoch 005 | Train Loss: -0.4402 | Val Loss: -0.5101 | Time: 8.60s
2026-02-25 00:42:52,113 - ST_ACENet - INFO -   -> Saved Best Model (+ scaler) to saved_models\st_acenet_best.pth
2026-02-25 00:43:00,707 - ST_ACENet - INFO - Epoch 006 | Train Loss: -0.4533 | Val Loss: -0.5035 | Time: 8.59s
2026-02-25 00:43:09,636 - ST_ACENet - INFO - Epoch 007 | Train Loss: -0.4630 | Val Loss: -0.5192 | Time: 8.93s
2026-02-25 00:43:09,639 - ST_ACENet - INFO -   -> Saved Best Model (+ scaler) to saved_models\st_acenet_best.pth
2026-02-25 00:43:18,567 - ST_ACENet - INFO - Epoch 008 | Train Loss: -0.4670 | Val Loss: -0.5217 | Time: 8.93s
2026-02-25 00:43:18,570 - ST_ACENet - INFO -   -> Saved Best Model (+ scaler) to saved_models\st_acenet_best.pth
2026-02-25 00:43:27,526 - ST_ACENet - INFO - Epoch 009 | Train Loss: -0.4772 | Val Loss: -0.5169 | Time: 8.96s
2026-02-25 00:43:36,454 - ST_ACENet - INFO - Epoch 010 | Train Loss: -0.4806 | Val Loss: -0.5300 | Time: 8.93s
2026-02-25 00:43:36,457 - ST_ACENet - INFO -   -> Saved Best Model (+ scaler) to saved_models\st_acenet_best.pth
2026-02-25 00:43:45,373 - ST_ACENet - INFO - Epoch 011 | Train Loss: -0.4891 | Val Loss: -0.5199 | Time: 8.92s
2026-02-25 00:43:54,282 - ST_ACENet - INFO - Epoch 012 | Train Loss: -0.4938 | Val Loss: -0.5138 | Time: 8.91s
2026-02-25 00:44:03,224 - ST_ACENet - INFO - Epoch 013 | Train Loss: -0.4960 | Val Loss: -0.5203 | Time: 8.94s
2026-02-25 00:44:12,178 - ST_ACENet - INFO - Epoch 014 | Train Loss: -0.5019 | Val Loss: -0.5312 | Time: 8.95s
2026-02-25 00:44:12,180 - ST_ACENet - INFO -   -> Saved Best Model (+ scaler) to saved_models\st_acenet_best.pth
2026-02-25 00:44:21,181 - ST_ACENet - INFO - Epoch 015 | Train Loss: -0.5049 | Val Loss: -0.5288 | Time: 9.00s
2026-02-25 00:44:30,235 - ST_ACENet - INFO - Epoch 016 | Train Loss: -0.5081 | Val Loss: -0.5307 | Time: 9.05s
2026-02-25 00:44:39,146 - ST_ACENet - INFO - Epoch 017 | Train Loss: -0.5155 | Val Loss: -0.5308 | Time: 8.91s
2026-02-25 00:44:47,870 - ST_ACENet - INFO - Epoch 018 | Train Loss: -0.5184 | Val Loss: -0.5214 | Time: 8.72s
2026-02-25 00:44:56,653 - ST_ACENet - INFO - Epoch 019 | Train Loss: -0.5293 | Val Loss: -0.5301 | Time: 8.78s
2026-02-25 00:45:05,579 - ST_ACENet - INFO - Epoch 020 | Train Loss: -0.5306 | Val Loss: -0.5278 | Time: 8.92s
2026-02-25 00:45:14,609 - ST_ACENet - INFO - Epoch 021 | Train Loss: -0.5351 | Val Loss: -0.5265 | Time: 9.03s
2026-02-25 00:45:23,658 - ST_ACENet - INFO - Epoch 022 | Train Loss: -0.5369 | Val Loss: -0.5277 | Time: 9.05s
2026-02-25 00:45:23,658 - ST_ACENet - INFO - [ST_ACENet] Early Stopping triggered at Epoch 22
