2026-02-24 14:40:15,793 - ST_ACENet - INFO - === Starting unified runner for ST_ACENet ===
2026-02-24 14:40:16,563 - ST_ACENet - INFO - [ST_ACENet] Initializing Unified Training Pipeline on cuda
2026-02-24 14:40:16,563 - ST_ACENet - INFO - [ST_ACENet] Calling get_dataloaders...
2026-02-24 14:40:19,812 - ST_ACENet - INFO - [ST_ACENet] Data Loaded: 207 Nodes, 14 Features (Traffic + Context)
2026-02-24 14:40:19,812 - ST_ACENet - INFO - [ST_ACENet] Loading Physical adjacency matrix...
2026-02-24 14:40:20,500 - ST_ACENet - INFO - [ST_ACENet] Building Architecture...
2026-02-24 14:40:21,858 - ST_ACENet - INFO - [ST_ACENet] Starting Training for 60 epochs...
2026-02-24 14:40:33,110 - ST_ACENet - INFO - Epoch 001 | Train Loss: 0.3348 | Val Loss: 0.3111 | Time: 11.25s
2026-02-24 14:40:33,118 - ST_ACENet - INFO -   -> Saved Best Model to saved_models\st_acenet_best.pth
2026-02-24 14:40:43,727 - ST_ACENet - INFO - Epoch 002 | Train Loss: 0.3293 | Val Loss: 0.3056 | Time: 10.61s
2026-02-24 14:40:43,732 - ST_ACENet - INFO -   -> Saved Best Model to saved_models\st_acenet_best.pth
2026-02-24 14:40:54,842 - ST_ACENet - INFO - Epoch 003 | Train Loss: 0.3255 | Val Loss: 0.3031 | Time: 11.11s
2026-02-24 14:40:54,844 - ST_ACENet - INFO -   -> Saved Best Model to saved_models\st_acenet_best.pth
2026-02-24 14:41:06,822 - ST_ACENet - INFO - Epoch 004 | Train Loss: 0.3234 | Val Loss: 0.3017 | Time: 11.98s
2026-02-24 14:41:06,838 - ST_ACENet - INFO -   -> Saved Best Model to saved_models\st_acenet_best.pth
2026-02-24 14:41:18,809 - ST_ACENet - INFO - Epoch 005 | Train Loss: 0.3218 | Val Loss: 0.3049 | Time: 11.97s
2026-02-24 14:41:30,790 - ST_ACENet - INFO - Epoch 006 | Train Loss: 0.3201 | Val Loss: 0.3009 | Time: 11.98s
2026-02-24 14:41:30,794 - ST_ACENet - INFO -   -> Saved Best Model to saved_models\st_acenet_best.pth
2026-02-24 14:41:43,762 - ST_ACENet - INFO - Epoch 007 | Train Loss: 0.3182 | Val Loss: 0.2991 | Time: 12.97s
2026-02-24 14:41:43,771 - ST_ACENet - INFO -   -> Saved Best Model to saved_models\st_acenet_best.pth
2026-02-24 14:41:56,785 - ST_ACENet - INFO - Epoch 008 | Train Loss: 0.3166 | Val Loss: 0.2977 | Time: 13.01s
2026-02-24 14:41:56,795 - ST_ACENet - INFO -   -> Saved Best Model to saved_models\st_acenet_best.pth
2026-02-24 14:42:09,837 - ST_ACENet - INFO - Epoch 009 | Train Loss: 0.3152 | Val Loss: 0.2966 | Time: 13.04s
2026-02-24 14:42:09,842 - ST_ACENet - INFO -   -> Saved Best Model to saved_models\st_acenet_best.pth
2026-02-24 14:42:23,331 - ST_ACENet - INFO - Epoch 010 | Train Loss: 0.3138 | Val Loss: 0.2975 | Time: 13.49s
2026-02-24 14:42:37,515 - ST_ACENet - INFO - Epoch 011 | Train Loss: 0.3127 | Val Loss: 0.2967 | Time: 14.18s
2026-02-24 14:42:52,902 - ST_ACENet - INFO - Epoch 012 | Train Loss: 0.3117 | Val Loss: 0.2970 | Time: 15.39s
2026-02-24 14:43:07,875 - ST_ACENet - INFO - Epoch 013 | Train Loss: 0.3106 | Val Loss: 0.2956 | Time: 14.97s
2026-02-24 14:43:07,880 - ST_ACENet - INFO -   -> Saved Best Model to saved_models\st_acenet_best.pth
2026-02-24 14:43:21,115 - ST_ACENet - INFO - Epoch 014 | Train Loss: 0.3099 | Val Loss: 0.2955 | Time: 13.23s
2026-02-24 14:43:34,574 - ST_ACENet - INFO - Epoch 015 | Train Loss: 0.3089 | Val Loss: 0.2948 | Time: 13.46s
2026-02-24 14:43:34,584 - ST_ACENet - INFO -   -> Saved Best Model to saved_models\st_acenet_best.pth
2026-02-24 14:43:48,352 - ST_ACENet - INFO - Epoch 016 | Train Loss: 0.3081 | Val Loss: 0.2953 | Time: 13.77s
2026-02-24 14:44:02,036 - ST_ACENet - INFO - Epoch 017 | Train Loss: 0.3071 | Val Loss: 0.2936 | Time: 13.68s
2026-02-24 14:44:02,041 - ST_ACENet - INFO -   -> Saved Best Model to saved_models\st_acenet_best.pth
2026-02-24 14:44:15,392 - ST_ACENet - INFO - Epoch 018 | Train Loss: 0.3064 | Val Loss: 0.2939 | Time: 13.35s
2026-02-24 14:44:28,315 - ST_ACENet - INFO - Epoch 019 | Train Loss: 0.3054 | Val Loss: 0.2953 | Time: 12.92s
2026-02-24 14:44:41,885 - ST_ACENet - INFO - Epoch 020 | Train Loss: 0.3047 | Val Loss: 0.2955 | Time: 13.57s
2026-02-24 14:44:56,126 - ST_ACENet - INFO - Epoch 021 | Train Loss: 0.3037 | Val Loss: 0.2941 | Time: 14.24s
2026-02-24 14:45:09,168 - ST_ACENet - INFO - Epoch 022 | Train Loss: 0.3019 | Val Loss: 0.2947 | Time: 13.04s
2026-02-24 14:45:22,474 - ST_ACENet - INFO - Epoch 023 | Train Loss: 0.3013 | Val Loss: 0.2938 | Time: 13.31s
2026-02-24 14:45:37,650 - ST_ACENet - INFO - Epoch 024 | Train Loss: 0.3010 | Val Loss: 0.2945 | Time: 15.17s
2026-02-24 14:45:51,747 - ST_ACENet - INFO - Epoch 025 | Train Loss: 0.3006 | Val Loss: 0.2943 | Time: 14.10s
2026-02-24 14:45:51,748 - ST_ACENet - INFO - [ST_ACENet] Early Stopping triggered at Epoch 25
